In Class- java.lang.String  Message  -9398 E PALM TREE DR,,SCOTTSDALE,,AZ- time- 2014/08/09 18:59:52
In Class- java.lang.String  Message  -9398 E PALM TREE DR,,SCOTTSDALE,,AZ- time- 2014/08/09 18:59:52
In Class- java.lang.String  Message  -9398 E PALM TREE DR,,SCOTTSDALE,,AZ- time- 2014/08/09 18:59:52
In Class- java.lang.String  Message  -9398 E PALM TREE DR,,SCOTTSDALE,85255,AZ- time- 2014/08/09 19:00:24
In Class- java.lang.String  Message  -9398 E PALM TREE DR,,SCOTTSDALE,85255,AZ- time- 2014/08/09 19:00:24
In Class- java.lang.String  Message  -9398 E PALM TREE DR,,SCOTTSDALE,85255,AZ- time- 2014/08/09 19:00:25
In Class- java.lang.String  Message  -9398 E PALM TREE DR,,SCOTTSDALE,85255,AZ- time- 2014/08/09 19:00:47
In Class- java.lang.String  Message  -9398 E PALM TREE DR,,SCOTTSDALE,85255,AZ- time- 2014/08/09 19:00:47
In Class- java.lang.String  Message  -9398 E PALM TREE DR,,SCOTTSDALE,85255,AZ- time- 2014/08/09 19:00:47
In Class- java.lang.String  Message  -9398 E PALM TREE DR,,SCOTTSDALE,85255,AZ- time- 2014/08/09 19:00:56
In Class- java.lang.String  Message  -9398 E PALM TREE DR,,SCOTTSDALE,85255,AZ- time- 2014/08/09 19:00:56
In Class- java.lang.String  Message  -9398 E PALM TREE DR,,SCOTTSDALE,85255,AZ- time- 2014/08/09 19:00:56
In Class- java.lang.String  Message  -9398 E PALM TREE DR,,SCOTTSDALE,85955,AZ- time- 2014/08/09 19:02:05
In Class- java.lang.String  Message  -9398 E PALM TREE DR,,SCOTTSDALE,85955,AZ- time- 2014/08/09 19:02:05
In Class- java.lang.String  Message  -9398 E PALM TREE DR,,SCOTTSDALE,85955,AZ- time- 2014/08/09 19:02:05
In Class- java.lang.String  Message  -99 ne camp farwell rd,,newBURY,05551,VT- time- 2014/08/09 19:02:44
In Class- java.lang.String In method- com.shatam.shatamindex.store.NoSuchDirectoryException: directory 'G:\Server Workspace\Server Workspace\Server Workspace\workspace\Data\TIGER_Index\50' does not exist  Message  -IP Error time- 2014/08/09 19:02:44
In Class- java.lang.String  Message  -99 ne camp farwell rd,,newBURY,05551,VT- time- 2014/08/09 19:03:18
In Class- java.lang.String In method- com.shatam.shatamindex.store.NoSuchDirectoryException: directory 'G:\Server Workspace\Server Workspace\Server Workspace\workspace\Data\TIGER_Index\50' does not exist  Message  -IP Error time- 2014/08/09 19:03:18
In Class- java.lang.String In method- org.json.JSONException: JSONArray[0] is not a JSONArray.  Message  -IP Error time- 2014/08/09 19:05:22
In Class- java.lang.String  Message  -99 ne camp farwell rd,,newBURY,05551,AZ- time- 2014/08/09 19:05:36
In Class- java.lang.String  Message  -99 ne camp farwell rd,,newBURY,05551,AZ- time- 2014/08/09 19:05:36
In Class- java.lang.String  Message  -99 ne camp farwell rd,,newBURY,05551,AZ- time- 2014/08/09 19:05:36
In Class- java.lang.String  Message  -99 ne camp farwell rd,,newBURY,05551,AZ- time- 2014/08/09 19:05:36
In Class- java.lang.String  Message  -99 ne camp farwell rd,,newBURY,05551,AZ- time- 2014/08/09 19:05:36
In Class- java.lang.String  Message  -99 ne camp farwell rd,,newBURY,05551,AZ- time- 2014/08/09 19:05:36
In Class- java.lang.String  Message  -99 ne camp farwell rd,,newBURY,05551,AZ- time- 2014/08/09 19:05:36
In Class- java.lang.String  Message  -99 ne camp farwell rd,,newBURY,05551,AZ- time- 2014/08/09 19:05:36
In Class- java.lang.String  Message  -99 ne camp farwell rd,,newBURY,05551,AZ- time- 2014/08/09 19:05:37
In Class- java.lang.String  Message  -99 ne camp farwell rd,,newBURY,05551,AZ- time- 2014/08/09 19:05:37
In Class- java.lang.String  Message  -446-127 w camelback rd,,PHOENIX,85017,AZ- time- 2014/08/09 19:05:55
In Class- java.lang.String  Message  -446-127 w camelback rd,,PHOENIX,85017,AZ- time- 2014/08/09 19:05:55
In Class- java.lang.String  Message  -446-127 w camelback rd,,PHOENIX,85017,AZ- time- 2014/08/09 19:05:55
In Class- java.lang.String  Message  -446-127 w camelback rd,,PHOENIX,817,AZ- time- 2014/08/09 19:06:35
In Class- java.lang.String  Message  -446-127 w camelback rd,,PHOENIX,817,AZ- time- 2014/08/09 19:06:35
In Class- java.lang.String  Message  -446-127 w camelback rd,,PHOENIX,817,AZ- time- 2014/08/09 19:06:35
In Class- java.lang.String  Message  -446-127 w camelback rd,,PHOENIX,17,AZ- time- 2014/08/09 19:06:50
In Class- java.lang.String  Message  -446-127 w camelback rd,,PHOENIX,17,AZ- time- 2014/08/09 19:06:50
In Class- java.lang.String  Message  -446-127 w camelback rd,,PHOENIX,17,AZ- time- 2014/08/09 19:06:50
In Class- java.lang.String  Message  -446-127 w camelback rd,,PHOENIX,17,AZ- time- 2014/08/09 19:06:53
In Class- java.lang.String  Message  -446-127 w camelback rd,,PHOENIX,17,AZ- time- 2014/08/09 19:06:53
In Class- java.lang.String  Message  -446-127 w camelback rd,,PHOENIX,17,AZ- time- 2014/08/09 19:06:53
In Class- java.lang.String  Message  -446-127 7846584b 84356485648 846578465847 ,,PHOENIX,17,AZ- time- 2014/08/09 19:07:15
In Class- java.lang.String  Message  -446-127 7846584b 84356485648 846578465847 ,,PHOENIX,17,AZ- time- 2014/08/09 19:07:15
In Class- java.lang.String  Message  -446-127 7846584b 84356485648 846578465847 ,,PHOENIX,17,AZ- time- 2014/08/09 19:07:15
In Class- java.lang.String  Message  -446-127 7846584b 84356485648 846578465847 ,,PHOENIX,17,AZ- time- 2014/08/09 19:07:15
In Class- java.lang.String  Message  -446-127 7846584b 84356485648 846578465847 ,,PHOENIX,17,AZ- time- 2014/08/09 19:07:15
In Class- java.lang.String  Message  -446-127 7846584b 84356485648 846578465847 ,,PHOENIX,17,AZ- time- 2014/08/09 19:07:15
In Class- java.lang.String  Message  -446-127 7846584b 84356485648 846578465847 ,,PHOENIX,17,AZ- time- 2014/08/09 19:07:15
In Class- java.lang.String  Message  -446-127 7846584b 84356485648 846578465847 ,,PHOENIX,17,AZ- time- 2014/08/09 19:07:15
In Class- java.lang.String  Message  -446-127 7846584b 84356485648 846578465847 ,,PHOENIX,17,AZ- time- 2014/08/09 19:07:15
In Class- java.lang.String  Message  -446-127 7846584b 84356485648 846578465847 ,,PHOENIX,17,AZ- time- 2014/08/09 19:07:15
In Class- java.lang.String In method- java.lang.Exception: Invalid City Name In Address["446-127 w camelback rd","","676687878","AZ","817"]  Message  -IP Error time- 2014/08/09 19:07:40
In Class- java.lang.String  Message  -446-127 w camelback rd,,*^&%&^&%^&%&%*^%&^&$#,817,AZ- time- 2014/08/09 19:07:51
In Class- java.lang.String  Message  -446-127 w camelback rd,,*^&%&^&%^&%&%*^%&^&$#,817,AZ- time- 2014/08/09 19:07:51
In Class- java.lang.String  Message  -446-127 w camelback rd,,*^&%&^&%^&%&%*^%&^&$#,817,AZ- time- 2014/08/09 19:07:51
In Class- java.lang.String  Message  -446-127 w camelback rd,,*^&%&^&%^&%&%*^%&^&$#,817,AZ- time- 2014/08/09 19:07:51
In Class- java.lang.String  Message  -446-127 w camelback rd,,*^&%&^&%^&%&%*^%&^&$#,817,AZ- time- 2014/08/09 19:07:51
In Class- java.lang.String  Message  -446-127 w camelback rd,,*^&%&^&%^&%&%*^%&^&$#,817,AZ- time- 2014/08/09 19:07:51
In Class- java.lang.String  Message  -446-127 w camelback rd,,*^&%&^&%^&%&%*^%&^&$#,817,AZ- time- 2014/08/09 19:07:52
In Class- java.lang.String  Message  -446-127 w camelback rd,,*^&%&^&%^&%&%*^%&^&$#,817,AZ- time- 2014/08/09 19:07:52
In Class- java.lang.String  Message  -446-127 w camelback rd,,*^&%&^&%^&%&%*^%&^&$#,817,AZ- time- 2014/08/09 19:07:52
In Class- java.lang.String  Message  -446-127 w camelback rd,,*^&%&^&%^&%&%*^%&^&$#,817,AZ- time- 2014/08/09 19:07:52
In Class- java.lang.String  Message  -446-127 w camelback rd,,*^&%&^&%^&%&%*^%&^&$#,817,AZ- time- 2014/08/09 19:07:52
In Class- java.lang.String  Message  -446-127 w camelback rd,,*^&%&^&%^&%&%*^%&^&$#,817,AZ- time- 2014/08/09 19:07:52
In Class- java.lang.String  Message  -446-127 w camelback rd,,*^&%&^&%^&%&%*^%&^&$#,817,AZ- time- 2014/08/09 19:07:52
In Class- java.lang.String  Message  -446-127 w camelback rd,,*^&%&^&%^&%&%*^%&^&$#,817,AZ- time- 2014/08/09 19:07:52
In Class- java.lang.String  Message  -446-127 w camelback rd,,*^&%&^&%^&%&%*^%&^&$#,817,AZ- time- 2014/08/09 19:07:52
In Class- java.lang.String  Message  -446-127 w camelback rd,,*^&%&^&%^&%&%*^%&^&$#,817,AZ- time- 2014/08/09 19:07:52
In Class- java.lang.String  Message  -446-127 w camelback rd,,*^&%&^&%^&%&%*^%&^&$#,817,AZ- time- 2014/08/09 19:07:52
In Class- java.lang.String  Message  -446-127 w camelback rd,,*^&%&^&%^&%&%*^%&^&$#,817,AZ- time- 2014/08/09 19:07:52
In Class- java.lang.String  Message  -446-127 w camelback rd,,*^&%&^&%^&%&%*^%&^&$#,817,AZ- time- 2014/08/09 19:07:52
In Class- java.lang.String  Message  -446-127 w camelback rd,,*^&%&^&%^&%&%*^%&^&$#,817,AZ- time- 2014/08/09 19:07:52
In Class- java.lang.String  Message  -446-127 w camelback rd,,*^&%&^&%^&%&%*^%&^&$#,817,AZ- time- 2014/08/09 19:07:54
In Class- java.lang.String  Message  -446-127 w camelback rd,,*^&%&^&%^&%&%*^%&^&$#,817,AZ- time- 2014/08/09 19:07:54
In Class- java.lang.String  Message  -446-127 w camelback rd,,*^&%&^&%^&%&%*^%&^&$#,817,AZ- time- 2014/08/09 19:07:54
In Class- java.lang.String  Message  -446-127 w camelback rd,,*^&%&^&%^&%&%*^%&^&$#,817,AZ- time- 2014/08/09 19:07:54
In Class- java.lang.String  Message  -446-127 w camelback rd,,*^&%&^&%^&%&%*^%&^&$#,817,AZ- time- 2014/08/09 19:07:54
In Class- java.lang.String  Message  -446-127 w camelback rd,,*^&%&^&%^&%&%*^%&^&$#,817,AZ- time- 2014/08/09 19:07:54
In Class- java.lang.String  Message  -446-127 w camelback rd,,*^&%&^&%^&%&%*^%&^&$#,817,AZ- time- 2014/08/09 19:07:54
In Class- java.lang.String  Message  -446-127 w camelback rd,,*^&%&^&%^&%&%*^%&^&$#,817,AZ- time- 2014/08/09 19:07:54
In Class- java.lang.String  Message  -446-127 w camelback rd,,*^&%&^&%^&%&%*^%&^&$#,817,AZ- time- 2014/08/09 19:07:54
In Class- java.lang.String  Message  -446-127 w camelback rd,,*^&%&^&%^&%&%*^%&^&$#,817,AZ- time- 2014/08/09 19:07:54
In Class- java.lang.String  Message  -446-127 w camelback rd,,*^&%&^&%^&%&%*^%&^&$#,817,AZ- time- 2014/08/09 19:07:54
In Class- java.lang.String  Message  -446-127 w camelback rd,,*^&%&^&%^&%&%*^%&^&$#,817,AZ- time- 2014/08/09 19:07:54
In Class- java.lang.String  Message  -446-127 w camelback rd,,*^&%&^&%^&%&%*^%&^&$#,817,AZ- time- 2014/08/09 19:07:54
In Class- java.lang.String  Message  -446-127 w camelback rd,,*^&%&^&%^&%&%*^%&^&$#,817,AZ- time- 2014/08/09 19:07:54
In Class- java.lang.String  Message  -446-127 w camelback rd,,*^&%&^&%^&%&%*^%&^&$#,817,AZ- time- 2014/08/09 19:07:54
In Class- java.lang.String  Message  -446-127 w camelback rd,,*^&%&^&%^&%&%*^%&^&$#,817,AZ- time- 2014/08/09 19:07:54
In Class- java.lang.String  Message  -446-127 w camelback rd,,*^&%&^&%^&%&%*^%&^&$#,817,AZ- time- 2014/08/09 19:07:54
In Class- java.lang.String  Message  -446-127 w camelback rd,,*^&%&^&%^&%&%*^%&^&$#,817,AZ- time- 2014/08/09 19:07:54
In Class- java.lang.String  Message  -446-127 w camelback rd,,*^&%&^&%^&%&%*^%&^&$#,817,AZ- time- 2014/08/09 19:07:54
In Class- java.lang.String  Message  -446-127 w camelback rd,,*^&%&^&%^&%&%*^%&^&$#,817,AZ- time- 2014/08/09 19:07:54
In Class- java.lang.String  Message  -446-127 w camelback rd,,*^&%&^&%^&%&%*^%&^&$#,817,AZ- time- 2014/08/09 19:07:54
In Class- java.lang.String  Message  -446-127 w camelback rd,,*^&%&^&%^&%&%*^%&^&$#,817,AZ- time- 2014/08/09 19:07:54
In Class- java.lang.String  Message  -446-127 w camelback rd,,*^&%&^&%^&%&%*^%&^&$#,817,AZ- time- 2014/08/09 19:07:54
In Class- java.lang.String  Message  -446-127 w camelback rd,,*^&%&^&%^&%&%*^%&^&$#,817,AZ- time- 2014/08/09 19:07:54
In Class- java.lang.String  Message  -446-127 w camelback rd,,*^&%&^&%^&%&%*^%&^&$#,817,AZ- time- 2014/08/09 19:07:54
In Class- java.lang.String  Message  -446-127 w camelback rd,,*^&%&^&%^&%&%*^%&^&$#,817,AZ- time- 2014/08/09 19:07:54
In Class- java.lang.String  Message  -446-127 w camelback rd,,*^&%&^&%^&%&%*^%&^&$#,817,AZ- time- 2014/08/09 19:07:54
In Class- java.lang.String  Message  -446-127 w camelback rd,,*^&%&^&%^&%&%*^%&^&$#,817,AZ- time- 2014/08/09 19:07:54
In Class- java.lang.String  Message  -446-127 w camelback rd,,*^&%&^&%^&%&%*^%&^&$#,817,AZ- time- 2014/08/09 19:07:54
In Class- java.lang.String  Message  -446-127 w camelback rd,,*^&%&^&%^&%&%*^%&^&$#,817,AZ- time- 2014/08/09 19:07:54
In Class- java.lang.String  Message  -446-127 w camelback rd,,*^&%&^&%^&%&%*^%&^&$#,817,AZ- time- 2014/08/09 19:07:54
In Class- java.lang.String  Message  -446-127 w camelback rd,,*^&%&^&%^&%&%*^%&^&$#,817,AZ- time- 2014/08/09 19:07:54
In Class- java.lang.String  Message  -446-127 w camelback rd,,*^&%&^&%^&%&%*^%&^&$#,817,AZ- time- 2014/08/09 19:07:54
In Class- java.lang.String  Message  -446-127 w camelback rd,,*^&%&^&%^&%&%*^%&^&$#,817,AZ- time- 2014/08/09 19:07:54
In Class- java.lang.String  Message  -446-127 w camelback rd,,*^&%&^&%^&%&%*^%&^&$#,817,AZ- time- 2014/08/09 19:07:54
In Class- java.lang.String  Message  -446-127 w camelback rd,,*^&%&^&%^&%&%*^%&^&$#,817,AZ- time- 2014/08/09 19:07:54
In Class- java.lang.String  Message  -446-127 w camelback rd,,*^&%&^&%^&%&%*^%&^&$#,817,AZ- time- 2014/08/09 19:07:54
In Class- java.lang.String  Message  -446-127 w camelback rd,,*^&%&^&%^&%&%*^%&^&$#,817,AZ- time- 2014/08/09 19:07:54
In Class- java.lang.String  Message  -446-127 w camelback rd,,*^&%&^&%^&%&%*^%&^&$#,817,AZ- time- 2014/08/09 19:07:54
In Class- java.lang.String  Message  -446-127 w camelback rd,,*^&%&^&%^&%&%*^%&^&$#,817,AZ- time- 2014/08/09 19:07:54
In Class- java.lang.String  Message  -446-127 w camelback rd,,*^&%&^&%^&%&%*^%&^&$#,817,AZ- time- 2014/08/09 19:07:54
In Class- java.lang.String  Message  -446-127 w camelback rd,,*^&%&^&%^&%&%*^%&^&$#,817,AZ- time- 2014/08/09 19:07:54
In Class- java.lang.String  Message  -446-127 w camelback rd,,*^&%&^&%^&%&%*^%&^&$#,817,AZ- time- 2014/08/09 19:07:54
In Class- java.lang.String  Message  -446-127 w camelback rd,,*^&%&^&%^&%&%*^%&^&$#,817,AZ- time- 2014/08/09 19:07:54
In Class- java.lang.String  Message  -446-127 w camelback rd,,*^&%&^&%^&%&%*^%&^&$#,817,AZ- time- 2014/08/09 19:07:54
In Class- java.lang.String  Message  -446-127 w camelback rd,,*^&%&^&%^&%&%*^%&^&$#,817,AZ- time- 2014/08/09 19:07:54
In Class- java.lang.String  Message  -446-127 w camelback rd,,*^&%&^&%^&%&%*^%&^&$#,817,AZ- time- 2014/08/09 19:07:54
In Class- java.lang.String  Message  -446-127 w camelback rd,,*^&%&^&%^&%&%*^%&^&$#,817,AZ- time- 2014/08/09 19:07:54
In Class- java.lang.String  Message  -446-127 w camelback rd,,*^&%&^&%^&%&%*^%&^&$#,817,AZ- time- 2014/08/09 19:07:54
In Class- java.lang.String  Message  -446-127 w camelback rd,,*^&%&^&%^&%&%*^%&^&$#,817,AZ- time- 2014/08/09 19:07:54
In Class- java.lang.String  Message  -446-127 w camelback rd,,*^&%&^&%^&%&%*^%&^&$#,817,AZ- time- 2014/08/09 19:07:57
In Class- java.lang.String  Message  -446-127 w camelback rd,,*^&%&^&%^&%&%*^%&^&$#,817,AZ- time- 2014/08/09 19:07:57
In Class- java.lang.String  Message  -446-127 w camelback rd,,*^&%&^&%^&%&%*^%&^&$#,817,AZ- time- 2014/08/09 19:07:57
In Class- java.lang.String  Message  -446-127 w camelback rd,,*^&%&^&%^&%&%*^%&^&$#,817,AZ- time- 2014/08/09 19:07:57
In Class- java.lang.String  Message  -446-127 w camelback rd,,*^&%&^&%^&%&%*^%&^&$#,817,AZ- time- 2014/08/09 19:07:57
In Class- java.lang.String  Message  -446-127 w camelback rd,,*^&%&^&%^&%&%*^%&^&$#,817,AZ- time- 2014/08/09 19:07:57
In Class- java.lang.String  Message  -446-127 w camelback rd,,*^&%&^&%^&%&%*^%&^&$#,817,AZ- time- 2014/08/09 19:07:57
In Class- java.lang.String  Message  -446-127 w camelback rd,,*^&%&^&%^&%&%*^%&^&$#,817,AZ- time- 2014/08/09 19:07:57
In Class- java.lang.String  Message  -446-127 w camelback rd,,*^&%&^&%^&%&%*^%&^&$#,817,AZ- time- 2014/08/09 19:07:57
In Class- java.lang.String  Message  -446-127 w camelback rd,,*^&%&^&%^&%&%*^%&^&$#,817,AZ- time- 2014/08/09 19:07:57
In Class- java.lang.String  Message  -446-127 w camelback rd,,*^&%&^&%^&%&%*^%&^&$#,817,AZ- time- 2014/08/09 19:08:06
In Class- java.lang.String  Message  -446-127 w camelback rd,,*^&%&^&%^&%&%*^%&^&$#,817,AZ- time- 2014/08/09 19:08:06
In Class- java.lang.String  Message  -446-127 w camelback rd,,*^&%&^&%^&%&%*^%&^&$#,817,AZ- time- 2014/08/09 19:08:06
In Class- java.lang.String  Message  -446-127 w camelback rd,,*^&%&^&%^&%&%*^%&^&$#,817,AZ- time- 2014/08/09 19:08:06
In Class- java.lang.String  Message  -446-127 w camelback rd,,*^&%&^&%^&%&%*^%&^&$#,817,AZ- time- 2014/08/09 19:08:06
In Class- java.lang.String  Message  -446-127 w camelback rd,,*^&%&^&%^&%&%*^%&^&$#,817,AZ- time- 2014/08/09 19:08:06
In Class- java.lang.String  Message  -446-127 w camelback rd,,*^&%&^&%^&%&%*^%&^&$#,817,AZ- time- 2014/08/09 19:08:06
In Class- java.lang.String  Message  -446-127 w camelback rd,,*^&%&^&%^&%&%*^%&^&$#,817,AZ- time- 2014/08/09 19:08:06
In Class- java.lang.String  Message  -446-127 w camelback rd,,*^&%&^&%^&%&%*^%&^&$#,817,AZ- time- 2014/08/09 19:08:06
In Class- java.lang.String  Message  -446-127 w camelback rd,,*^&%&^&%^&%&%*^%&^&$#,817,AZ- time- 2014/08/09 19:08:06
In Class- java.lang.String In method- java.lang.Exception: Invalid City Name In Address["446-127 w camelback rd","","374678567436584","AZ","817"]  Message  -IP Error time- 2014/08/09 19:08:41
In Class- java.lang.String  Message  -446-127 w camelback rd,,$#%$#^%^%$^,817,AZ- time- 2014/08/09 19:08:59
In Class- java.lang.String  Message  -446-127 w camelback rd,,$#%$#^%^%$^,817,AZ- time- 2014/08/09 19:08:59
In Class- java.lang.String  Message  -446-127 w camelback rd,,$#%$#^%^%$^,817,AZ- time- 2014/08/09 19:08:59
In Class- java.lang.String  Message  -446-127 w camelback rd,,$#%$#^%^%$^,817,AZ- time- 2014/08/09 19:08:59
In Class- java.lang.String  Message  -446-127 w camelback rd,,$#%$#^%^%$^,817,AZ- time- 2014/08/09 19:08:59
In Class- java.lang.String  Message  -446-127 w camelback rd,,$#%$#^%^%$^,817,AZ- time- 2014/08/09 19:08:59
In Class- java.lang.String  Message  -446-127 w camelback rd,,$#%$#^%^%$^,817,AZ- time- 2014/08/09 19:08:59
In Class- java.lang.String  Message  -446-127 w camelback rd,,$#%$#^%^%$^,817,AZ- time- 2014/08/09 19:08:59
In Class- java.lang.String  Message  -446-127 w camelback rd,,$#%$#^%^%$^,817,AZ- time- 2014/08/09 19:08:59
In Class- java.lang.String  Message  -446-127 w camelback rd,,$#%$#^%^%$^,817,AZ- time- 2014/08/09 19:08:59
In Class- java.lang.String  Message  -446-127 w camelback rd,,$#%$#^%^%$^,817,AZ- time- 2014/08/09 19:09:08
In Class- java.lang.String  Message  -446-127 w camelback rd,,$#%$#^%^%$^,817,AZ- time- 2014/08/09 19:09:08
In Class- java.lang.String  Message  -446-127 w camelback rd,,$#%$#^%^%$^,817,AZ- time- 2014/08/09 19:09:08
In Class- java.lang.String  Message  -446-127 w camelback rd,,$#%$#^%^%$^,817,AZ- time- 2014/08/09 19:09:08
In Class- java.lang.String  Message  -446-127 w camelback rd,,$#%$#^%^%$^,817,AZ- time- 2014/08/09 19:09:08
In Class- java.lang.String  Message  -446-127 w camelback rd,,$#%$#^%^%$^,817,AZ- time- 2014/08/09 19:09:08
In Class- java.lang.String  Message  -446-127 w camelback rd,,$#%$#^%^%$^,817,AZ- time- 2014/08/09 19:09:08
In Class- java.lang.String  Message  -446-127 w camelback rd,,$#%$#^%^%$^,817,AZ- time- 2014/08/09 19:09:08
In Class- java.lang.String  Message  -446-127 w camelback rd,,$#%$#^%^%$^,817,AZ- time- 2014/08/09 19:09:08
In Class- java.lang.String  Message  -446-127 w camelback rd,,$#%$#^%^%$^,817,AZ- time- 2014/08/09 19:09:08
In Class- java.lang.String  Message  -&*&$&%^&^&%&^%**^,,mesa,817,AZ- time- 2014/08/09 19:09:32
In Class- java.lang.String  Message  -&*&$&%^&^&%&^%**^,,mesa,817,AZ- time- 2014/08/09 19:09:32
In Class- java.lang.String  Message  -&*&$&%^&^&%&^%**^,,mesa,817,AZ- time- 2014/08/09 19:09:32
In Class- java.lang.String  Message  -&*&$&%^&^&%&^%**^,,mesa,817,AZ- time- 2014/08/09 19:09:32
In Class- java.lang.String  Message  -&*&$&%^&^&%&^%**^,,mesa,817,AZ- time- 2014/08/09 19:09:32
In Class- java.lang.String  Message  -&*&$&%^&^&%&^%**^,,mesa,817,AZ- time- 2014/08/09 19:09:32
In Class- java.lang.String  Message  -&*&$&%^&^&%&^%**^,,mesa,817,AZ- time- 2014/08/09 19:09:32
In Class- java.lang.String  Message  -&*&$&%^&^&%&^%**^,,mesa,817,AZ- time- 2014/08/09 19:09:32
In Class- java.lang.String  Message  -&*&$&%^&^&%&^%**^,,mesa,817,AZ- time- 2014/08/09 19:09:32
In Class- java.lang.String  Message  -&*&$&%^&^&%&^%**^,,mesa,817,AZ- time- 2014/08/09 19:09:32
In Class- java.lang.String  Message  -&*&$&%^&^&%&^%**^,,mesa,817,AZ- time- 2014/08/09 19:09:35
In Class- java.lang.String  Message  -&*&$&%^&^&%&^%**^,,mesa,817,AZ- time- 2014/08/09 19:09:35
In Class- java.lang.String  Message  -&*&$&%^&^&%&^%**^,,mesa,817,AZ- time- 2014/08/09 19:09:35
In Class- java.lang.String  Message  -&*&$&%^&^&%&^%**^,,mesa,817,AZ- time- 2014/08/09 19:09:35
In Class- java.lang.String  Message  -&*&$&%^&^&%&^%**^,,mesa,817,AZ- time- 2014/08/09 19:09:35
In Class- java.lang.String  Message  -&*&$&%^&^&%&^%**^,,mesa,817,AZ- time- 2014/08/09 19:09:35
In Class- java.lang.String  Message  -&*&$&%^&^&%&^%**^,,mesa,817,AZ- time- 2014/08/09 19:09:35
In Class- java.lang.String  Message  -&*&$&%^&^&%&^%**^,,mesa,817,AZ- time- 2014/08/09 19:09:35
In Class- java.lang.String  Message  -&*&$&%^&^&%&^%**^,,mesa,817,AZ- time- 2014/08/09 19:09:35
In Class- java.lang.String  Message  -&*&$&%^&^&%&^%**^,,mesa,817,AZ- time- 2014/08/09 19:09:35
In Class- java.lang.String  Message  -&*&$&%^&^&%&^%**^,,mesa,817,AZ- time- 2014/08/09 19:09:35
In Class- java.lang.String  Message  -&*&$&%^&^&%&^%**^,,mesa,817,AZ- time- 2014/08/09 19:09:35
In Class- java.lang.String  Message  -&*&$&%^&^&%&^%**^,,mesa,817,AZ- time- 2014/08/09 19:09:35
In Class- java.lang.String  Message  -&*&$&%^&^&%&^%**^,,mesa,817,AZ- time- 2014/08/09 19:09:35
In Class- java.lang.String  Message  -&*&$&%^&^&%&^%**^,,mesa,817,AZ- time- 2014/08/09 19:09:35
In Class- java.lang.String  Message  -&*&$&%^&^&%&^%**^,,mesa,817,AZ- time- 2014/08/09 19:09:35
In Class- java.lang.String  Message  -&*&$&%^&^&%&^%**^,,mesa,817,AZ- time- 2014/08/09 19:09:35
In Class- java.lang.String  Message  -&*&$&%^&^&%&^%**^,,mesa,817,AZ- time- 2014/08/09 19:09:35
In Class- java.lang.String  Message  -&*&$&%^&^&%&^%**^,,mesa,817,AZ- time- 2014/08/09 19:09:35
In Class- java.lang.String  Message  -&*&$&%^&^&%&^%**^,,mesa,817,AZ- time- 2014/08/09 19:09:35
In Class- java.lang.String  Message  -&*&$&%^&^&%&^%**^,,mesa,817,AZ- time- 2014/08/09 19:09:57
In Class- java.lang.String In method- org.json.JSONException: JSONArray[0] is not a JSONArray.  Message  -IP Error time- 2014/08/09 20:16:49
In Class- java.lang.String  Message  -18334 W. Purdue Ave.,   ,Waddell,85355,AZ- time- 2014/08/09 20:17:00
In Class- java.lang.String  Message  -18334 W. Purdue Ave.,   ,Waddell,85355,AZ- time- 2014/08/09 20:17:00
In Class- java.lang.String  Message  -18334 W. Purdue Ave.,   ,Waddell,85355,AZ- time- 2014/08/09 20:17:00
In Class- java.lang.String  Message  -18334 W. Purdue Ave.,   ,Waddell,85355,AZ- time- 2014/08/09 20:17:13
In Class- java.lang.String  Message  -18334 W. Purdue Ave.,   ,Waddell,85355,AZ- time- 2014/08/09 20:17:13
In Class- java.lang.String  Message  -18334 W. Purdue Ave.,   ,Waddell,85355,AZ- time- 2014/08/09 20:17:13
In Class- java.lang.String  Message  -43rd Ave.,   ,Laveen,85339,AZ- time- 2014/08/09 20:17:13
In Class- java.lang.String  Message  -43rd Ave.,   ,Laveen,85339,AZ- time- 2014/08/09 20:17:13
In Class- java.lang.String  Message  -43rd Ave.,   ,Laveen,85339,AZ- time- 2014/08/09 20:17:13
In Class- java.lang.String  Message  -34990 N Open Range Dr.,   ,San Tan Valley,85142,AZ- time- 2014/08/09 20:17:13
In Class- java.lang.String  Message  -34990 N Open Range Dr.,   ,San Tan Valley,85142,AZ- time- 2014/08/09 20:17:14
In Class- java.lang.String  Message  -34990 N Open Range Dr.,   ,San Tan Valley,85142,AZ- time- 2014/08/09 20:17:14
In Class- java.lang.String  Message  -7130 W. Winslow Ave.,   ,Phoenix,85043,AZ- time- 2014/08/09 20:17:14
In Class- java.lang.String  Message  -7130 W. Winslow Ave.,   ,Phoenix,85043,AZ- time- 2014/08/09 20:17:14
In Class- java.lang.String  Message  -7130 W. Winslow Ave.,   ,Phoenix,85043,AZ- time- 2014/08/09 20:17:14
In Class- java.lang.String  Message  -15659 N. 183rd Ave,   ,Surprise,85388,AZ- time- 2014/08/09 20:17:14
In Class- java.lang.String  Message  -15659 N. 183rd Ave,   ,Surprise,85388,AZ- time- 2014/08/09 20:17:14
In Class- java.lang.String  Message  -15659 N. 183rd Ave,   ,Surprise,85388,AZ- time- 2014/08/09 20:17:14
In Class- java.lang.String  Message  -16328 W. Lincoln St,   ,Goodyear,85338,AZ- time- 2014/08/09 20:17:14
In Class- java.lang.String  Message  -16328 W. Lincoln St,   ,Goodyear,85338,AZ- time- 2014/08/09 20:17:15
In Class- java.lang.String  Message  -16328 W. Lincoln St,   ,Goodyear,85338,AZ- time- 2014/08/09 20:17:15
In Class- java.lang.String  Message  -8011 S. 23rd Drive,   ,Phoenix,85042,AZ- time- 2014/08/09 20:17:15
In Class- java.lang.String  Message  -8011 S. 23rd Drive,   ,Phoenix,85042,AZ- time- 2014/08/09 20:17:15
In Class- java.lang.String  Message  -8011 S. 23rd Drive,   ,Phoenix,85042,AZ- time- 2014/08/09 20:17:15
In Class- java.lang.String  Message  -8011 S. 23rd Drive,   ,Phoenix,85041,AZ- time- 2014/08/09 20:17:15
In Class- java.lang.String  Message  -8011 S. 23rd Drive,   ,Phoenix,85041,AZ- time- 2014/08/09 20:17:15
In Class- java.lang.String  Message  -8011 S. 23rd Drive,   ,Phoenix,85041,AZ- time- 2014/08/09 20:17:15
In Class- java.lang.String  Message  -7561 W. Berridge,   ,Glendale,85303,AZ- time- 2014/08/09 20:17:15
In Class- java.lang.String  Message  -7561 W. Berridge,   ,Glendale,85303,AZ- time- 2014/08/09 20:17:15
In Class- java.lang.String  Message  -7561 W. Berridge,   ,Glendale,85303,AZ- time- 2014/08/09 20:17:15
In Class- java.lang.String  Message  -1846 S. 162nd Lane.,   ,Goodyear,85338,AZ- time- 2014/08/09 20:17:15
In Class- java.lang.String  Message  -1846 S. 162nd Lane.,   ,Goodyear,85338,AZ- time- 2014/08/09 20:17:15
In Class- java.lang.String  Message  -1846 S. 162nd Lane.,   ,Goodyear,85338,AZ- time- 2014/08/09 20:17:15
In Class- java.lang.String  Message  -12428 E Corte Manta,   ,Vail,85641,AZ- time- 2014/08/09 20:17:15
In Class- java.lang.String  Message  -12428 E Corte Manta,   ,Vail,85641,AZ- time- 2014/08/09 20:17:16
In Class- java.lang.String  Message  -12428 E Corte Manta,   ,Vail,85641,AZ- time- 2014/08/09 20:17:16
In Class- java.lang.String  Message  -12428 E Corte Manta,   ,Vail,85641,AZ- time- 2014/08/09 20:17:16
In Class- java.lang.String  Message  -6739 S Drift Boat Dr,   ,Tucson,85757,AZ- time- 2014/08/09 20:17:16
In Class- java.lang.String  Message  -6739 S Drift Boat Dr,   ,Tucson,85757,AZ- time- 2014/08/09 20:17:16
In Class- java.lang.String  Message  -6739 S Drift Boat Dr,   ,Tucson,85757,AZ- time- 2014/08/09 20:17:16
In Class- java.lang.String  Message  -Trekell Cottonwood,   ,Casa Grande,85122,AZ- time- 2014/08/09 20:17:16
In Class- java.lang.String  Message  -Trekell Cottonwood,   ,Casa Grande,85122,AZ- time- 2014/08/09 20:17:16
In Class- java.lang.String  Message  -Trekell Cottonwood,   ,Casa Grande,85122,AZ- time- 2014/08/09 20:17:16
In Class- java.lang.String  Message  -Kortsen Rd & Thornton Rd,   ,Casa Grande,85122,AZ- time- 2014/08/09 20:17:16
In Class- java.lang.String  Message  -Kortsen Rd & Thornton Rd,   ,Casa Grande,85122,AZ- time- 2014/08/09 20:17:16
In Class- java.lang.String  Message  -Kortsen Rd & Thornton Rd,   ,Casa Grande,85122,AZ- time- 2014/08/09 20:17:16
In Class- java.lang.String  Message  -Cave Creek Lone Mountain,   ,Cave Creek,85331,AZ- time- 2014/08/09 20:17:16
In Class- java.lang.String  Message  -Cave Creek Lone Mountain,   ,Cave Creek,85331,AZ- time- 2014/08/09 20:17:17
In Class- java.lang.String  Message  -Cave Creek Lone Mountain,   ,Cave Creek,85331,AZ- time- 2014/08/09 20:17:17
In Class- java.lang.String  Message  -774 W Calle Las Tunas,   ,Sahuarita,85629,AZ- time- 2014/08/09 20:17:17
In Class- java.lang.String  Message  -774 W Calle Las Tunas,   ,Sahuarita,85629,AZ- time- 2014/08/09 20:17:17
In Class- java.lang.String  Message  -774 W Calle Las Tunas,   ,Sahuarita,85629,AZ- time- 2014/08/09 20:17:17
In Class- java.lang.String  Message  -87th Lane And Lower Buckeye,   ,Tolleson,85353,AZ- time- 2014/08/09 20:17:17
In Class- java.lang.String  Message  -87th Lane And Lower Buckeye,   ,Tolleson,85353,AZ- time- 2014/08/09 20:17:17
In Class- java.lang.String  Message  -87th Lane And Lower Buckeye,   ,Tolleson,85353,AZ- time- 2014/08/09 20:17:17
In Class- java.lang.String  Message  -87th Lane Lower Buckeye,   ,Tolleson,85353,AZ- time- 2014/08/09 20:17:17
In Class- java.lang.String  Message  -87th Lane Lower Buckeye,   ,Tolleson,85353,AZ- time- 2014/08/09 20:17:17
In Class- java.lang.String  Message  -87th Lane Lower Buckeye,   ,Tolleson,85353,AZ- time- 2014/08/09 20:17:17
In Class- java.lang.String  Message  -5801 E Oasis Blvd,   ,Florence,85242,AZ- time- 2014/08/09 20:17:17
In Class- java.lang.String  Message  -5801 E Oasis Blvd,   ,Florence,85242,AZ- time- 2014/08/09 20:17:17
In Class- java.lang.String  Message  -5801 E Oasis Blvd,   ,Florence,85242,AZ- time- 2014/08/09 20:17:17
In Class- java.lang.String  Message  -Arizona Farms Rd. Hunt Hwy.,   ,Florence,85242,AZ- time- 2014/08/09 20:17:17
In Class- java.lang.String  Message  -Arizona Farms Rd. Hunt Hwy.,   ,Florence,85242,AZ- time- 2014/08/09 20:17:17
In Class- java.lang.String  Message  -Arizona Farms Rd. Hunt Hwy.,   ,Florence,85242,AZ- time- 2014/08/09 20:17:17
In Class- java.lang.String  Message  -17784 W Voltaire Streetwest Of 303 Cotton Lane On Waddell At 178th Avenue,   ,Surprise,85388,AZ- time- 2014/08/09 20:17:17
In Class- java.lang.String  Message  -17784 W Voltaire Streetwest Of 303 Cotton Lane On Waddell At 178th Avenue,   ,Surprise,85388,AZ- time- 2014/08/09 20:17:17
In Class- java.lang.String  Message  -17784 W Voltaire Streetwest Of 303 Cotton Lane On Waddell At 178th Avenue,   ,Surprise,85388,AZ- time- 2014/08/09 20:17:17
In Class- java.lang.String  Message  -67th Ave South Of Happy Valley,   ,Glendale,85310,AZ- time- 2014/08/09 20:17:17
In Class- java.lang.String  Message  -67th Ave South Of Happy Valley,   ,Glendale,85310,AZ- time- 2014/08/09 20:17:18
In Class- java.lang.String  Message  -67th Ave South Of Happy Valley,   ,Glendale,85310,AZ- time- 2014/08/09 20:17:18
In Class- java.lang.String  Message  -9949 N Crook Ln,   ,Marana,85742,AZ- time- 2014/08/09 20:17:18
In Class- java.lang.String  Message  -9949 N Crook Ln,   ,Marana,85742,AZ- time- 2014/08/09 20:17:18
In Class- java.lang.String  Message  -9949 N Crook Ln,   ,Marana,85742,AZ- time- 2014/08/09 20:17:18
In Class- java.lang.String  Message  -Signal Butte Rittenhouse,   ,Queen Creek,85142,AZ- time- 2014/08/09 20:17:18
In Class- java.lang.String  Message  -Signal Butte Rittenhouse,   ,Queen Creek,85142,AZ- time- 2014/08/09 20:17:18
In Class- java.lang.String  Message  -Signal Butte Rittenhouse,   ,Queen Creek,85142,AZ- time- 2014/08/09 20:17:18
In Class- java.lang.String  Message  -Broadway Miller Rd (east Of Miller ),   ,Buckeye,85326,AZ- time- 2014/08/09 20:17:18
In Class- java.lang.String  Message  -Broadway Miller Rd (east Of Miller ),   ,Buckeye,85326,AZ- time- 2014/08/09 20:17:18
In Class- java.lang.String  Message  -Broadway Miller Rd (east Of Miller ),   ,Buckeye,85326,AZ- time- 2014/08/09 20:17:18
In Class- java.lang.String  Message  -21577 W. Durango Street,   ,Buckeye,85326,AZ- time- 2014/08/09 20:17:18
In Class- java.lang.String  Message  -21577 W. Durango Street,   ,Buckeye,85326,AZ- time- 2014/08/09 20:17:18
In Class- java.lang.String  Message  -21577 W. Durango Street,   ,Buckeye,85326,AZ- time- 2014/08/09 20:17:18
In Class- java.lang.String  Message  -8843 W Saguaro Moon Rd,   ,Marana,85743,AZ- time- 2014/08/09 20:17:18
In Class- java.lang.String  Message  -8843 W Saguaro Moon Rd,   ,Marana,85743,AZ- time- 2014/08/09 20:17:18
In Class- java.lang.String  Message  -8843 W Saguaro Moon Rd,   ,Marana,85743,AZ- time- 2014/08/09 20:17:18
In Class- java.lang.String  Message  -8843 W Saguaro Moon Rd,   ,Marana,85743,AZ- time- 2014/08/09 20:17:19
In Class- java.lang.String  Message  -8659 W Cadwell Way,   ,Marana,85743,AZ- time- 2014/08/09 20:17:19
In Class- java.lang.String  Message  -8659 W Cadwell Way,   ,Marana,85743,AZ- time- 2014/08/09 20:17:19
In Class- java.lang.String  Message  -8659 W Cadwell Way,   ,Marana,85743,AZ- time- 2014/08/09 20:17:19
In Class- java.lang.String  Message  -8659 W Cadwell Way,   ,Marana,85743,AZ- time- 2014/08/09 20:17:19
In Class- java.lang.String  Message  -8659 W Cadwell Way,   ,Marana,85743,AZ- time- 2014/08/09 20:17:19
In Class- java.lang.String  Message  -9649 W Hebden Way,   ,Marana,85743,AZ- time- 2014/08/09 20:17:19
In Class- java.lang.String  Message  -9649 W Hebden Way,   ,Marana,85743,AZ- time- 2014/08/09 20:17:19
In Class- java.lang.String  Message  -9649 W Hebden Way,   ,Marana,85743,AZ- time- 2014/08/09 20:17:19
In Class- java.lang.String  Message  -9649 W Hebden Way,   ,Marana,85743,AZ- time- 2014/08/09 20:17:19
In Class- java.lang.String  Message  -9649 W Hebden Way,   ,Marana,85743,AZ- time- 2014/08/09 20:17:19
In Class- java.lang.String  Message  -9649 W Hebden Way,   ,Marana,85743,AZ- time- 2014/08/09 20:17:19
In Class- java.lang.String  Message  -9649 W Hebden Way,   ,Marana,85743,AZ- time- 2014/08/09 20:17:20
In Class- java.lang.String  Message  -9649 W Hebden Way,   ,Marana,85743,AZ- time- 2014/08/09 20:17:20
In Class- java.lang.String  Message  -9649 W Hebden Way,   ,Marana,85743,AZ- time- 2014/08/09 20:17:20
In Class- java.lang.String  Message  -9649 W Hebden Way,   ,Marana,85743,AZ- time- 2014/08/09 20:17:20
In Class- java.lang.String  Message  -18002 S Golden Valley Dr,   ,Sahuarita,85629,AZ- time- 2014/08/09 20:17:20
In Class- java.lang.String  Message  -18002 S Golden Valley Dr,   ,Sahuarita,85629,AZ- time- 2014/08/09 20:17:20
In Class- java.lang.String  Message  -18002 S Golden Valley Dr,   ,Sahuarita,85629,AZ- time- 2014/08/09 20:17:20
In Class- java.lang.String  Message  -2039 S 218th Avenue,   ,Buckeye,85326,AZ- time- 2014/08/09 20:17:20
In Class- java.lang.String  Message  -2039 S 218th Avenue,   ,Buckeye,85326,AZ- time- 2014/08/09 20:17:20
In Class- java.lang.String  Message  -2039 S 218th Avenue,   ,Buckeye,85326,AZ- time- 2014/08/09 20:17:20
In Class- java.lang.String  Message  -8294 W Canvasback Ln,   ,Tucson,85757,AZ- time- 2014/08/09 20:17:20
In Class- java.lang.String  Message  -8294 W Canvasback Ln,   ,Tucson,85757,AZ- time- 2014/08/09 20:17:20
In Class- java.lang.String  Message  -8294 W Canvasback Ln,   ,Tucson,85757,AZ- time- 2014/08/09 20:17:20
In Class- java.lang.String  Message  -8294 W Canvasback Ln,   ,Tucson,85757,AZ- time- 2014/08/09 20:17:21
In Class- java.lang.String  Message  -Watson Broadway,   ,Buckeye,85326,AZ- time- 2014/08/09 20:17:21
In Class- java.lang.String  Message  -Watson Broadway,   ,Buckeye,85326,AZ- time- 2014/08/09 20:17:21
In Class- java.lang.String  Message  -Watson Broadway,   ,Buckeye,85326,AZ- time- 2014/08/09 20:17:21
In Class- java.lang.String  Message  -Hartman Rd Bowlin Rd,   ,Maricopa,85138,AZ- time- 2014/08/09 20:17:21
In Class- java.lang.String  Message  -Hartman Rd Bowlin Rd,   ,Maricopa,85138,AZ- time- 2014/08/09 20:17:21
In Class- java.lang.String  Message  -Hartman Rd Bowlin Rd,   ,Maricopa,85138,AZ- time- 2014/08/09 20:17:21
In Class- java.lang.String  Message  -Kortsen Peart,   ,Casa Grande,85122,AZ- time- 2014/08/09 20:17:21
In Class- java.lang.String  Message  -Kortsen Peart,   ,Casa Grande,85122,AZ- time- 2014/08/09 20:17:21
In Class- java.lang.String  Message  -Kortsen Peart,   ,Casa Grande,85122,AZ- time- 2014/08/09 20:17:21
In Class- java.lang.String  Message  -6309 W Yew Pine Way,   ,Marana,85743,AZ- time- 2014/08/09 20:17:21
In Class- java.lang.String  Message  -6309 W Yew Pine Way,   ,Marana,85743,AZ- time- 2014/08/09 20:17:21
In Class- java.lang.String  Message  -6309 W Yew Pine Way,   ,Marana,85743,AZ- time- 2014/08/09 20:17:21
In Class- java.lang.String  Message  -6309 W Yew Pine Way,   ,Marana,85743,AZ- time- 2014/08/09 20:17:21
In Class- java.lang.String  Message  -6309 W Yew Pine Way,   ,Marana,85743,AZ- time- 2014/08/09 20:17:21
In Class- java.lang.String  Message  -6309 W Yew Pine Way,   ,Marana,85743,AZ- time- 2014/08/09 20:17:21
In Class- java.lang.String  Message  -6309 W Yew Pine Way,   ,Marana,85743,AZ- time- 2014/08/09 20:17:21
In Class- java.lang.String  Message  -6309 W Yew Pine Way,   ,Marana,85743,AZ- time- 2014/08/09 20:17:21
In Class- java.lang.String  Message  -6309 W Yew Pine Way,   ,Marana,85743,AZ- time- 2014/08/09 20:17:21
In Class- java.lang.String  Message  -6309 W Yew Pine Way,   ,Marana,85743,AZ- time- 2014/08/09 20:17:21
In Class- java.lang.String  Message  -6309 W Yew Pine Way,   ,Marana,85743,AZ- time- 2014/08/09 20:17:21
In Class- java.lang.String  Message  -6309 W Yew Pine Way,   ,Marana,85743,AZ- time- 2014/08/09 20:17:21
In Class- java.lang.String  Message  -6309 W Yew Pine Way,   ,Marana,85743,AZ- time- 2014/08/09 20:17:21
In Class- java.lang.String  Message  -6309 W Yew Pine Way,   ,Marana,85743,AZ- time- 2014/08/09 20:17:21
In Class- java.lang.String  Message  -6309 W Yew Pine Way,   ,Marana,85743,AZ- time- 2014/08/09 20:17:21
In Class- java.lang.String  Message  -6309 W Yew Pine Way,   ,Marana,85743,AZ- time- 2014/08/09 20:17:21
In Class- java.lang.String  Message  -6309 W Yew Pine Way,   ,Marana,85743,AZ- time- 2014/08/09 20:17:21
In Class- java.lang.String  Message  -6309 W Yew Pine Way,   ,Marana,85743,AZ- time- 2014/08/09 20:17:21
In Class- java.lang.String  Message  -6309 W Yew Pine Way,   ,Marana,85743,AZ- time- 2014/08/09 20:17:21
In Class- java.lang.String  Message  -6309 W Yew Pine Way,   ,Marana,85743,AZ- time- 2014/08/09 20:17:21
In Class- java.lang.String  Message  -Cave Creek And Pinnacle Peak Rd,   ,Phoenix,85024,AZ- time- 2014/08/09 20:17:21
In Class- java.lang.String  Message  -Cave Creek And Pinnacle Peak Rd,   ,Phoenix,85024,AZ- time- 2014/08/09 20:17:22
In Class- java.lang.String  Message  -Cave Creek And Pinnacle Peak Rd,   ,Phoenix,85024,AZ- time- 2014/08/09 20:17:22
In Class- java.lang.String  Message  -75th Ave 1/2 Mile South Of Bell Rd,   ,Peoria,85345,AZ- time- 2014/08/09 20:17:22
In Class- java.lang.String  Message  -75th Ave 1/2 Mile South Of Bell Rd,   ,Peoria,85345,AZ- time- 2014/08/09 20:17:22
In Class- java.lang.String  Message  -75th Ave 1/2 Mile South Of Bell Rd,   ,Peoria,85345,AZ- time- 2014/08/09 20:17:22
In Class- java.lang.String  Message  -75th Ave 1/2 Mile South Of Bell Rd,   ,Peoria,85345,AZ- time- 2014/08/09 20:17:22
In Class- java.lang.String  Message  -75th Ave 1/2 Mile South Of Bell Rd,   ,Peoria,85345,AZ- time- 2014/08/09 20:17:22
In Class- java.lang.String  Message  -75th Ave 1/2 Mile South Of Bell Rd,   ,Peoria,85345,AZ- time- 2014/08/09 20:17:22
In Class- java.lang.String  Message  -75th Ave 1/2 Mile South Of Bell Rd,   ,Peoria,85345,AZ- time- 2014/08/09 20:17:22
In Class- java.lang.String  Message  -75th Ave 1/2 Mile South Of Bell Rd,   ,Peoria,85345,AZ- time- 2014/08/09 20:17:22
In Class- java.lang.String  Message  -75th Ave 1/2 Mile South Of Bell Rd,   ,Peoria,85345,AZ- time- 2014/08/09 20:17:22
In Class- java.lang.String  Message  -75th Ave 1/2 Mile South Of Bell Rd,   ,Peoria,85345,AZ- time- 2014/08/09 20:17:22
In Class- java.lang.String  Message  -8659 W Cadwell Way,   ,Marana,85743,AZ- time- 2014/08/09 20:17:22
In Class- java.lang.String  Message  -8659 W Cadwell Way,   ,Marana,85743,AZ- time- 2014/08/09 20:17:22
In Class- java.lang.String  Message  -8659 W Cadwell Way,   ,Marana,85743,AZ- time- 2014/08/09 20:17:22
In Class- java.lang.String  Message  -8659 W Cadwell Way,   ,Marana,85743,AZ- time- 2014/08/09 20:17:22
In Class- java.lang.String  Message  -8659 W Cadwell Way,   ,Marana,85743,AZ- time- 2014/08/09 20:17:22
In Class- java.lang.String  Message  -86th Ave Van Buren,   ,Tolleson,85353,AZ- time- 2014/08/09 20:17:23
In Class- java.lang.String  Message  -86th Ave Van Buren,   ,Tolleson,85353,AZ- time- 2014/08/09 20:17:23
In Class- java.lang.String  Message  -86th Ave Van Buren,   ,Tolleson,85353,AZ- time- 2014/08/09 20:17:23
In Class- java.lang.String  Message  -740 W Rio Teras,   ,Green Valley,85614,AZ- time- 2014/08/09 20:17:23
In Class- java.lang.String  Message  -740 W Rio Teras,   ,Green Valley,85614,AZ- time- 2014/08/09 20:17:23
In Class- java.lang.String  Message  -740 W Rio Teras,   ,Green Valley,85614,AZ- time- 2014/08/09 20:17:23
In Class- java.lang.String  Message  -67th Ave Just South Of Happy Valley,   ,Glendale,85310,AZ- time- 2014/08/09 20:17:23
In Class- java.lang.String  Message  -67th Ave Just South Of Happy Valley,   ,Glendale,85310,AZ- time- 2014/08/09 20:17:23
In Class- java.lang.String  Message  -67th Ave Just South Of Happy Valley,   ,Glendale,85310,AZ- time- 2014/08/09 20:17:23
In Class- java.lang.String  Message  -67th Ave Just South Of Happy Valley,   ,Glendale,85310,AZ- time- 2014/08/09 20:17:23
In Class- java.lang.String  Message  -75th Avenue Mcdowell,   ,Phoenix,85035,AZ- time- 2014/08/09 20:17:23
In Class- java.lang.String  Message  -75th Avenue Mcdowell,   ,Phoenix,85035,AZ- time- 2014/08/09 20:17:23
In Class- java.lang.String  Message  -75th Avenue Mcdowell,   ,Phoenix,85035,AZ- time- 2014/08/09 20:17:23
In Class- java.lang.String  Message  -8375 N Willow View Dr,   ,Tucson,85741,AZ- time- 2014/08/09 20:17:23
In Class- java.lang.String  Message  -8375 N Willow View Dr,   ,Tucson,85741,AZ- time- 2014/08/09 20:17:23
In Class- java.lang.String  Message  -8375 N Willow View Dr,   ,Tucson,85741,AZ- time- 2014/08/09 20:17:23
In Class- java.lang.String  Message  -2793 S. Arroyo Lane,   ,Gilbert,85295,AZ- time- 2014/08/09 20:17:23
In Class- java.lang.String  Message  -2793 S. Arroyo Lane,   ,Gilbert,85295,AZ- time- 2014/08/09 20:17:23
In Class- java.lang.String  Message  -2793 S. Arroyo Lane,   ,Gilbert,85295,AZ- time- 2014/08/09 20:17:23
In Class- java.lang.String  Message  -40831 W. Portis Drive,   ,Maricopa,85138,AZ- time- 2014/08/09 20:17:23
In Class- java.lang.String  Message  -40831 W. Portis Drive,   ,Maricopa,85138,AZ- time- 2014/08/09 20:17:23
In Class- java.lang.String  Message  -40831 W. Portis Drive,   ,Maricopa,85138,AZ- time- 2014/08/09 20:17:23
In Class- java.lang.String  Message  -25630 N. 121st Lane,   ,Peoria,85383,AZ- time- 2014/08/09 20:17:23
In Class- java.lang.String  Message  -25630 N. 121st Lane,   ,Peoria,85383,AZ- time- 2014/08/09 20:17:23
In Class- java.lang.String  Message  -25630 N. 121st Lane,   ,Peoria,85383,AZ- time- 2014/08/09 20:17:23
In Class- java.lang.String  Message  -2793 S. Arroyo Lane,   ,Gilbert,85295,AZ- time- 2014/08/09 20:17:23
In Class- java.lang.String  Message  -2793 S. Arroyo Lane,   ,Gilbert,85295,AZ- time- 2014/08/09 20:17:23
In Class- java.lang.String  Message  -2793 S. Arroyo Lane,   ,Gilbert,85295,AZ- time- 2014/08/09 20:17:23
In Class- java.lang.String  Message  -40246 West Molly Lane,   ,Maricopa,85138,AZ- time- 2014/08/09 20:17:23
In Class- java.lang.String  Message  -40246 West Molly Lane,   ,Maricopa,85138,AZ- time- 2014/08/09 20:17:24
In Class- java.lang.String  Message  -40246 West Molly Lane,   ,Maricopa,85138,AZ- time- 2014/08/09 20:17:24
In Class- java.lang.String  Message  -5650 E. Ansel Ave,   ,Mesa,85206,AZ- time- 2014/08/09 20:17:24
In Class- java.lang.String  Message  -5650 E. Ansel Ave,   ,Mesa,85206,AZ- time- 2014/08/09 20:17:24
In Class- java.lang.String  Message  -5650 E. Ansel Ave,   ,Mesa,85206,AZ- time- 2014/08/09 20:17:24
In Class- java.lang.String  Message  -3984 W. Federal Way,   ,San Tan Valley,85142,AZ- time- 2014/08/09 20:17:24
In Class- java.lang.String  Message  -3984 W. Federal Way,   ,San Tan Valley,85142,AZ- time- 2014/08/09 20:17:24
In Class- java.lang.String  Message  -3984 W. Federal Way,   ,San Tan Valley,85142,AZ- time- 2014/08/09 20:17:24
In Class- java.lang.String  Message  -2613 S. 172nd Lane,   ,Goodyear,85338,AZ- time- 2014/08/09 20:17:24
In Class- java.lang.String  Message  -2613 S. 172nd Lane,   ,Goodyear,85338,AZ- time- 2014/08/09 20:17:24
In Class- java.lang.String  Message  -2613 S. 172nd Lane,   ,Goodyear,85338,AZ- time- 2014/08/09 20:17:24
In Class- java.lang.String  Message  -7538 W. St. Kateri Dr.,   ,Laveen,85339,AZ- time- 2014/08/09 20:17:24
In Class- java.lang.String  Message  -7538 W. St. Kateri Dr.,   ,Laveen,85339,AZ- time- 2014/08/09 20:17:24
In Class- java.lang.String  Message  -7538 W. St. Kateri Dr.,   ,Laveen,85339,AZ- time- 2014/08/09 20:17:24
In Class- java.lang.String  Message  -7538 W. St. Kateri Dr.,   ,Laveen,85339,AZ- time- 2014/08/09 20:17:24
In Class- java.lang.String  Message  -7538 W. St. Kateri Dr.,   ,Laveen,85339,AZ- time- 2014/08/09 20:17:24
In Class- java.lang.String  Message  -7538 W. St. Kateri Dr.,   ,Laveen,85339,AZ- time- 2014/08/09 20:17:24
In Class- java.lang.String  Message  -40831 W. Portis Drive,   ,Maricopa,85138,AZ- time- 2014/08/09 20:17:24
In Class- java.lang.String  Message  -40831 W. Portis Drive,   ,Maricopa,85138,AZ- time- 2014/08/09 20:17:24
In Class- java.lang.String  Message  -40831 W. Portis Drive,   ,Maricopa,85138,AZ- time- 2014/08/09 20:17:24
In Class- java.lang.String  Message  -4807 E. Chickweed Drive,   ,Tucson,86756,AZ- time- 2014/08/09 20:17:24
In Class- java.lang.String  Message  -4807 E. Chickweed Drive,   ,Tucson,86756,AZ- time- 2014/08/09 20:17:24
In Class- java.lang.String  Message  -4807 E. Chickweed Drive,   ,Tucson,86756,AZ- time- 2014/08/09 20:17:24
In Class- java.lang.String  Message  -4807 E. Chickweed Drive,   ,Tucson,86756,AZ- time- 2014/08/09 20:17:24
In Class- java.lang.String  Message  -4807 E. Chickweed Drive,   ,Tucson,86756,AZ- time- 2014/08/09 20:17:24
In Class- java.lang.String  Message  -Tangerine Rd And Gladden Farms,   ,Marana,85653,AZ- time- 2014/08/09 20:17:24
In Class- java.lang.String  Message  -Tangerine Rd And Gladden Farms,   ,Marana,85653,AZ- time- 2014/08/09 20:17:24
In Class- java.lang.String  Message  -Tangerine Rd And Gladden Farms,   ,Marana,85653,AZ- time- 2014/08/09 20:17:24
In Class- java.lang.String  Message  -743 S Harry P. Stagg Drive,   ,Vail,85641,AZ- time- 2014/08/09 20:17:24
In Class- java.lang.String  Message  -743 S Harry P. Stagg Drive,   ,Vail,85641,AZ- time- 2014/08/09 20:17:24
In Class- java.lang.String  Message  -743 S Harry P. Stagg Drive,   ,Vail,85641,AZ- time- 2014/08/09 20:17:24
In Class- java.lang.String  Message  -743 S Harry P. Stagg Drive,   ,Vail,85641,AZ- time- 2014/08/09 20:17:25
In Class- java.lang.String  Message  -10618 East Hawk Avenue,   ,Mesa,85212,AZ- time- 2014/08/09 20:17:25
In Class- java.lang.String  Message  -10618 East Hawk Avenue,   ,Mesa,85212,AZ- time- 2014/08/09 20:17:25
In Class- java.lang.String  Message  -10618 East Hawk Avenue,   ,Mesa,85212,AZ- time- 2014/08/09 20:17:25
In Class- java.lang.String  Message  -31771 North 132nd Avenue,   ,Peoria,85383,AZ- time- 2014/08/09 20:17:25
In Class- java.lang.String  Message  -31771 North 132nd Avenue,   ,Peoria,85383,AZ- time- 2014/08/09 20:17:25
In Class- java.lang.String  Message  -31771 North 132nd Avenue,   ,Peoria,85383,AZ- time- 2014/08/09 20:17:25
In Class- java.lang.String  Message  -15223 West Columbine Drive,   ,Surprise,85379,AZ- time- 2014/08/09 20:17:25
In Class- java.lang.String  Message  -15223 West Columbine Drive,   ,Surprise,85379,AZ- time- 2014/08/09 20:17:25
In Class- java.lang.String  Message  -15223 West Columbine Drive,   ,Surprise,85379,AZ- time- 2014/08/09 20:17:25
In Class- java.lang.String  Message  -15223 West Columbine Drive,   ,Surprise,85379,AZ- time- 2014/08/09 20:17:25
In Class- java.lang.String  Message  -15223 West Columbine Drive,   ,Surprise,85379,AZ- time- 2014/08/09 20:17:25
In Class- java.lang.String  Message  -15223 West Columbine Drive,   ,Surprise,85379,AZ- time- 2014/08/09 20:17:25
In Class- java.lang.String  Message  -15223 West Columbine Drive,   ,Surprise,85379,AZ- time- 2014/08/09 20:17:25
In Class- java.lang.String  Message  -15223 West Columbine Drive,   ,Surprise,85379,AZ- time- 2014/08/09 20:17:25
In Class- java.lang.String  Message  -15223 West Columbine Drive,   ,Surprise,85379,AZ- time- 2014/08/09 20:17:25
In Class- java.lang.String  Message  -12055 W Red Hawk Dr,   ,Peoria,85383,AZ- time- 2014/08/09 20:17:25
In Class- java.lang.String  Message  -12055 W Red Hawk Dr,   ,Peoria,85383,AZ- time- 2014/08/09 20:17:25
In Class- java.lang.String  Message  -12055 W Red Hawk Dr,   ,Peoria,85383,AZ- time- 2014/08/09 20:17:25
In Class- java.lang.String  Message  -1913 S 235th Dr,   ,Buckeye,85326,AZ- time- 2014/08/09 20:17:25
In Class- java.lang.String  Message  -1913 S 235th Dr,   ,Buckeye,85326,AZ- time- 2014/08/09 20:17:25
In Class- java.lang.String  Message  -1913 S 235th Dr,   ,Buckeye,85326,AZ- time- 2014/08/09 20:17:25
In Class- java.lang.String  Message  -5808 S. Wilson Way,   ,Gilbert,85298,AZ- time- 2014/08/09 20:17:25
In Class- java.lang.String  Message  -5808 S. Wilson Way,   ,Gilbert,85298,AZ- time- 2014/08/09 20:17:25
In Class- java.lang.String  Message  -5808 S. Wilson Way,   ,Gilbert,85298,AZ- time- 2014/08/09 20:17:25
In Class- java.lang.String  Message  -5808 S Wilson Way,   ,Gilbert,85298,AZ- time- 2014/08/09 20:17:25
In Class- java.lang.String  Message  -5808 S Wilson Way,   ,Gilbert,85298,AZ- time- 2014/08/09 20:17:25
In Class- java.lang.String  Message  -5808 S Wilson Way,   ,Gilbert,85298,AZ- time- 2014/08/09 20:17:25
In Class- java.lang.String  Message  -5808 S. Wilson Way,   ,Gilbert,85298,AZ- time- 2014/08/09 20:17:25
In Class- java.lang.String  Message  -5808 S. Wilson Way,   ,Gilbert,85298,AZ- time- 2014/08/09 20:17:25
In Class- java.lang.String  Message  -5808 S. Wilson Way,   ,Gilbert,85298,AZ- time- 2014/08/09 20:17:25
In Class- java.lang.String  Message  -19341 W Pasadena Ave,   ,Litchfield Park,85340,AZ- time- 2014/08/09 20:17:25
In Class- java.lang.String  Message  -19341 W Pasadena Ave,   ,Litchfield Park,85340,AZ- time- 2014/08/09 20:17:25
In Class- java.lang.String  Message  -19341 W Pasadena Ave,   ,Litchfield Park,85340,AZ- time- 2014/08/09 20:17:25
In Class- java.lang.String  Message  -5070 S. Moccasin Trail,   ,Gilbert,85298,AZ- time- 2014/08/09 20:17:25
In Class- java.lang.String  Message  -5070 S. Moccasin Trail,   ,Gilbert,85298,AZ- time- 2014/08/09 20:17:25
In Class- java.lang.String  Message  -5070 S. Moccasin Trail,   ,Gilbert,85298,AZ- time- 2014/08/09 20:17:25
In Class- java.lang.String  Message  -5407 S. Tatum Lane,   ,Gilbert,85298,AZ- time- 2014/08/09 20:17:25
In Class- java.lang.String  Message  -5407 S. Tatum Lane,   ,Gilbert,85298,AZ- time- 2014/08/09 20:17:25
In Class- java.lang.String  Message  -5407 S. Tatum Lane,   ,Gilbert,85298,AZ- time- 2014/08/09 20:17:25
In Class- java.lang.String  Message  -20753 W. Canyon Drive,   ,Buckeye,85396,AZ- time- 2014/08/09 20:17:25
In Class- java.lang.String  Message  -20753 W. Canyon Drive,   ,Buckeye,85396,AZ- time- 2014/08/09 20:17:25
In Class- java.lang.String  Message  -20753 W. Canyon Drive,   ,Buckeye,85396,AZ- time- 2014/08/09 20:17:25
In Class- java.lang.String  Message  -8709 W Villa Lindo Drive,   ,Peoria,85383,AZ- time- 2014/08/09 20:17:26
In Class- java.lang.String  Message  -8709 W Villa Lindo Drive,   ,Peoria,85383,AZ- time- 2014/08/09 20:17:26
In Class- java.lang.String  Message  -8709 W Villa Lindo Drive,   ,Peoria,85383,AZ- time- 2014/08/09 20:17:26
In Class- java.lang.String  Message  -5028 S Centric Way,   ,Mesa,85212,AZ- time- 2014/08/09 20:17:26
In Class- java.lang.String  Message  -5028 S Centric Way,   ,Mesa,85212,AZ- time- 2014/08/09 20:17:26
In Class- java.lang.String  Message  -5028 S Centric Way,   ,Mesa,85212,AZ- time- 2014/08/09 20:17:26
In Class- java.lang.String  Message  -5010 S Centric Way,   ,Mesa,85212,AZ- time- 2014/08/09 20:17:26
In Class- java.lang.String  Message  -5010 S Centric Way,   ,Mesa,85212,AZ- time- 2014/08/09 20:17:26
In Class- java.lang.String  Message  -5010 S Centric Way,   ,Mesa,85212,AZ- time- 2014/08/09 20:17:26
In Class- java.lang.String  Message  -9977 W Wizard Lane,   ,Peoria,85383,AZ- time- 2014/08/09 20:17:26
In Class- java.lang.String  Message  -9977 W Wizard Lane,   ,Peoria,85383,AZ- time- 2014/08/09 20:17:26
In Class- java.lang.String  Message  -9977 W Wizard Lane,   ,Peoria,85383,AZ- time- 2014/08/09 20:17:26
In Class- java.lang.String  Message  -3435 East Patrick St,   ,Gilbert,85295,AZ- time- 2014/08/09 20:17:26
In Class- java.lang.String  Message  -3435 East Patrick St,   ,Gilbert,85295,AZ- time- 2014/08/09 20:17:26
In Class- java.lang.String  Message  -3435 East Patrick St,   ,Gilbert,85295,AZ- time- 2014/08/09 20:17:26
In Class- java.lang.String  Message  -13789 W Tyler Trail,   ,Peoria,85383,AZ- time- 2014/08/09 20:17:26
In Class- java.lang.String  Message  -13789 W Tyler Trail,   ,Peoria,85383,AZ- time- 2014/08/09 20:17:26
In Class- java.lang.String  Message  -13789 W Tyler Trail,   ,Peoria,85383,AZ- time- 2014/08/09 20:17:26
In Class- java.lang.String  Message  -7351 W Vernon Ave,   ,Phoenix,85035,AZ- time- 2014/08/09 20:17:26
In Class- java.lang.String  Message  -7351 W Vernon Ave,   ,Phoenix,85035,AZ- time- 2014/08/09 20:17:26
In Class- java.lang.String  Message  -7351 W Vernon Ave,   ,Phoenix,85035,AZ- time- 2014/08/09 20:17:26
In Class- java.lang.String In method- org.json.JSONException: JSONArray[0] is not a JSONArray.  Message  -IP Error time- 2014/08/09 20:18:04
In Class- java.lang.String  Message  -9398 E PALM TREE DR,,SCOTTSDALE,85255,AZ- time- 2014/08/09 20:18:17
In Class- java.lang.String  Message  -9398 E PALM TREE DR,,SCOTTSDALE,85255,AZ- time- 2014/08/09 20:18:17
In Class- java.lang.String  Message  -9398 E PALM TREE DR,,SCOTTSDALE,85255,AZ- time- 2014/08/09 20:18:18
In Class- java.lang.String  Message  -9398 E PALM TREE DR,,SCOTTS*ALE,85255,AZ- time- 2014/08/09 20:18:27
In Class- java.lang.String  Message  -9398 E PALM TREE DR,,SCOTTS*ALE,85255,AZ- time- 2014/08/09 20:18:27
In Class- java.lang.String  Message  -9398 E PALM TREE DR,,SCOTTS*ALE,85255,AZ- time- 2014/08/09 20:18:27
In Class- java.lang.String  Message  -9398 E PALM TREE DR,,SCOTTS*ALE,85255,AZ- time- 2014/08/09 20:18:29
In Class- java.lang.String  Message  -9398 E PALM TREE DR,,SCOTTS*ALE,85255,AZ- time- 2014/08/09 20:18:29
In Class- java.lang.String  Message  -9398 E PALM TREE DR,,SCOTTS*ALE,85255,AZ- time- 2014/08/09 20:18:29
In Class- java.lang.String  Message  -9398 E PALM TREE DR,,SCOTTS*ALE,85255,AZ- time- 2014/08/09 20:18:30
In Class- java.lang.String  Message  -9398 E PALM TREE DR,,SCOTTS*ALE,85255,AZ- time- 2014/08/09 20:18:30
In Class- java.lang.String  Message  -9398 E PALM TREE DR,,SCOTTS*ALE,85255,AZ- time- 2014/08/09 20:18:30
In Class- java.lang.String  Message  -9398 E PALM TREE DR,,SCOTTS*ALE,85255,AZ- time- 2014/08/09 20:18:31
In Class- java.lang.String  Message  -9398 E PALM TREE DR,,SCOTTS*ALE,85255,AZ- time- 2014/08/09 20:18:31
In Class- java.lang.String  Message  -9398 E PALM TREE DR,,SCOTTS*ALE,85255,AZ- time- 2014/08/09 20:18:31
In Class- java.lang.String  Message  -9398 E PALM TREE DR,,SCOTTS*ALE,85255,AZ- time- 2014/08/09 20:18:31
In Class- java.lang.String  Message  -9398 E PALM TREE DR,,SCOTTS*ALE,85255,AZ- time- 2014/08/09 20:18:31
In Class- java.lang.String  Message  -9398 E PALM TREE DR,,SCOTTS*ALE,85255,AZ- time- 2014/08/09 20:18:31
In Class- java.lang.String  Message  -9398 E PALM TREE DR,,SCO****ALE,85255,AZ- time- 2014/08/09 20:18:37
In Class- java.lang.String  Message  -9398 E PALM TREE DR,,SCO****ALE,85255,AZ- time- 2014/08/09 20:18:37
In Class- java.lang.String  Message  -9398 E PALM TREE DR,,SCO****ALE,85255,AZ- time- 2014/08/09 20:18:37
In Class- java.lang.String  Message  -9398 E PALM TREE DR,,***SCO****ALE%%,85255,AZ- time- 2014/08/09 20:18:52
In Class- java.lang.String  Message  -9398 E PALM TREE DR,,***SCO****ALE%%,85255,AZ- time- 2014/08/09 20:18:52
In Class- java.lang.String  Message  -9398 E PALM TREE DR,,***SCO****ALE%%,85255,AZ- time- 2014/08/09 20:18:52
In Class- java.lang.String  Message  -9398 E PALM TREE DR,,***SCO****ALE%%,85255,AZ- time- 2014/08/09 20:18:52
In Class- java.lang.String  Message  -9398 E PALM TREE DR,,***SCO****ALE%%,85255,AZ- time- 2014/08/09 20:18:52
In Class- java.lang.String  Message  -9398 E PALM TREE DR,,*******%%,85255,AZ- time- 2014/08/09 20:19:02
In Class- java.lang.String  Message  -9398 E PALM TREE DR,,*******%%,85255,AZ- time- 2014/08/09 20:19:02
In Class- java.lang.String  Message  -9398 E PALM TREE DR,,*******%%,85255,AZ- time- 2014/08/09 20:19:02
In Class- java.lang.String  Message  -9398 E PALM TREE DR,,*******%%,85255,AZ- time- 2014/08/09 20:19:02
In Class- java.lang.String  Message  -9398 E PALM TREE DR,,*******%%,85255,AZ- time- 2014/08/09 20:19:02
In Class- java.lang.String  Message  -9398 E PALM TREE DR,,*******%%,85255,AZ- time- 2014/08/09 20:19:04
In Class- java.lang.String  Message  -9398 E PALM TREE DR,,*******%%,85255,AZ- time- 2014/08/09 20:19:04
In Class- java.lang.String  Message  -9398 E PALM TREE DR,,*******%%,85255,AZ- time- 2014/08/09 20:19:04
In Class- java.lang.String  Message  -9398 E PALM TREE DR,,*******%%,85255,AZ- time- 2014/08/09 20:19:04
In Class- java.lang.String  Message  -9398 E PALM TREE DR,,*******%%,85255,AZ- time- 2014/08/09 20:19:04
In Class- java.lang.String  Message  -9398 E PALM TREE DR,,*******%%,85255,AZ- time- 2014/08/09 20:19:05
In Class- java.lang.String  Message  -9398 E PALM TREE DR,,*******%%,85255,AZ- time- 2014/08/09 20:19:05
In Class- java.lang.String  Message  -9398 E PALM TREE DR,,*******%%,85255,AZ- time- 2014/08/09 20:19:05
In Class- java.lang.String  Message  -9398 E PALM TREE DR,,*******%%,85255,AZ- time- 2014/08/09 20:19:05
In Class- java.lang.String  Message  -9398 E PALM TREE DR,,*******%%,85255,AZ- time- 2014/08/09 20:19:05
In Class- java.lang.String  Message  -9398 E PALM TREE DR,,*******%%,85255,AZ- time- 2014/08/09 20:19:11
In Class- java.lang.String  Message  -9398 E PALM TREE DR,,*******%%,85255,AZ- time- 2014/08/09 20:19:11
In Class- java.lang.String  Message  -9398 E PALM TREE DR,,*******%%,85255,AZ- time- 2014/08/09 20:19:11
In Class- java.lang.String  Message  -9398 E PALM TREE DR,,*******%%,85255,AZ- time- 2014/08/09 20:19:11
In Class- java.lang.String  Message  -9398 E PALM TREE DR,,*******%%,85255,AZ- time- 2014/08/09 20:19:11
In Class- java.lang.String  Message  -9398 E PALM TREE DR,,*******%%,85255,AZ- time- 2014/08/09 20:19:18
In Class- java.lang.String  Message  -9398 E PALM TREE DR,,*******%%,85255,AZ- time- 2014/08/09 20:19:18
In Class- java.lang.String  Message  -9398 E PALM TREE DR,,*******%%,85255,AZ- time- 2014/08/09 20:19:18
In Class- java.lang.String  Message  -9398 E PALM TREE DR,,*******%%,85255,AZ- time- 2014/08/09 20:19:18
In Class- java.lang.String  Message  -9398 E PALM TREE DR,,*******%%,85255,AZ- time- 2014/08/09 20:19:18
In Class- java.lang.String  Message  -9398 E PALM TREE DR,,*******%%,85855,AZ- time- 2014/08/09 20:19:27
In Class- java.lang.String  Message  -9398 E PALM TREE DR,,*******%%,85855,AZ- time- 2014/08/09 20:19:27
In Class- java.lang.String  Message  -9398 E PALM TREE DR,,*******%%,85855,AZ- time- 2014/08/09 20:19:27
In Class- java.lang.String  Message  -9398 E PALM TREE DR,,*******%%,85855,AZ- time- 2014/08/09 20:19:27
In Class- java.lang.String  Message  -9398 E PALM TREE DR,,*******%%,85855,AZ- time- 2014/08/09 20:19:27
In Class- java.lang.String  Message  -9398 E PALM TREE DR,,*******%%,85855,AZ- time- 2014/08/09 20:19:27
In Class- java.lang.String  Message  -9398 E PALM TREE DR,,*******%%,85855,AZ- time- 2014/08/09 20:19:28
In Class- java.lang.String  Message  -9398 E PALM TREE DR,,*******%%,85855,AZ- time- 2014/08/09 20:19:28
In Class- java.lang.String  Message  -9398 E PALM TREE DR,,*******%%,85855,AZ- time- 2014/08/09 20:19:28
In Class- java.lang.String  Message  -9398 E PALM TREE DR,,*******%%,85855,AZ- time- 2014/08/09 20:19:28
In Class- java.lang.String  Message  -9398 E PALM TREE DR,,*******%%,85255,AZ- time- 2014/08/09 20:20:02
In Class- java.lang.String  Message  -9398 E PALM TREE DR,,*******%%,85255,AZ- time- 2014/08/09 20:20:02
In Class- java.lang.String  Message  -9398 E PALM TREE DR,,*******%%,85255,AZ- time- 2014/08/09 20:20:02
In Class- java.lang.String  Message  -9398 E PALM TREE DR,,*******%%,85255,AZ- time- 2014/08/09 20:20:02
In Class- java.lang.String  Message  -9398 E PALM TREE DR,,*******%%,85255,AZ- time- 2014/08/09 20:20:02
In Class- java.lang.String  Message  -9398 E PALM TREE DR,,*******%%,85855,AZ- time- 2014/08/09 20:20:23
In Class- java.lang.String  Message  -9398 E PALM TREE DR,,*******%%,85855,AZ- time- 2014/08/09 20:20:23
In Class- java.lang.String  Message  -9398 E PALM TREE DR,,SCOTTSDALE,,AZ- time- 2014/08/09 20:35:28
In Class- java.lang.String  Message  -9398 E PALM TREE DR,,SCOTTSDALE,,AZ- time- 2014/08/09 20:35:28
In Class- java.lang.String  Message  -9398 E PALM TREE DR,,SCOTTSDALE,,AZ- time- 2014/08/09 20:35:28
In Class- java.lang.String  Message  -9398 E PALM TREE DR,ste 345,SCOTTSDALE,,AZ- time- 2014/08/09 20:35:42
In Class- java.lang.String  Message  -9398 E PALM TREE DR,ste 345,SCOTTSDALE,,AZ- time- 2014/08/09 20:35:42
In Class- java.lang.String  Message  -9398 E PALM TREE DR,ste 345,SCOTTSDALE,,AZ- time- 2014/08/09 20:35:42
In Class- java.lang.String  Message  -9398 E PALM TREE DR,ste ,SCOTTSDALE,,AZ- time- 2014/08/09 20:36:16
In Class- java.lang.String  Message  -9398 E PALM TREE DR,ste ,SCOTTSDALE,,AZ- time- 2014/08/09 20:36:16
In Class- java.lang.String  Message  -9398 E PALM TREE DR,ste ,SCOTTSDALE,,AZ- time- 2014/08/09 20:36:16
In Class- java.lang.String  Message  -9398 E PALM TREE DR,ste ,SCOTTSDALE,,AZ- time- 2014/08/09 20:36:36
In Class- java.lang.String  Message  -9398 E PALM TREE DR,ste ,SCOTTSDALE,,AZ- time- 2014/08/09 20:36:36
In Class- java.lang.String  Message  -9398 E PALM TREE DR,ste ,SCOTTSDALE,,AZ- time- 2014/08/09 20:36:36
In Class- java.lang.String  Message  -9398 E PALM TREE DR,ste ,SCOTTSDALE,,AZ- time- 2014/08/09 20:36:38
In Class- java.lang.String  Message  -9398 E PALM TREE DR,ste ,SCOTTSDALE,,AZ- time- 2014/08/09 20:36:38
In Class- java.lang.String  Message  -9398 E PALM TREE DR,ste ,SCOTTSDALE,,AZ- time- 2014/08/09 20:36:38
In Class- java.lang.String  Message  -9398 E PALM TREE DR,ste 45765,SCOTTSDALE,,AZ- time- 2014/08/09 20:36:46
In Class- java.lang.String  Message  -9398 E PALM TREE DR,ste 45765,SCOTTSDALE,,AZ- time- 2014/08/09 20:36:46
In Class- java.lang.String  Message  -9398 E PALM TREE DR,ste 45765,SCOTTSDALE,,AZ- time- 2014/08/09 20:36:46
In Class- java.lang.String  Message  -9398 E PALM TREE DR,ste 45765,Kirti,,AZ- time- 2014/08/09 20:37:02
In Class- java.lang.String  Message  -9398 E PALM TREE DR,ste 45765,Kirti,,AZ- time- 2014/08/09 20:37:02
In Class- java.lang.String  Message  -9398 E PALM TREE DR,ste 45765,Kirti,,AZ- time- 2014/08/09 20:37:02
In Class- java.lang.String  Message  -9398 E PALM TREE DR,ste 45765,Kirti,,AZ- time- 2014/08/09 20:37:02
In Class- java.lang.String  Message  -9398 E PALM TREE DR,ste 45765,Kirti,,AZ- time- 2014/08/09 20:37:02
In Class- java.lang.String  Message  -9398 E PALM TREE DR,ste 45765,Kirti,,AZ- time- 2014/08/09 20:37:02
In Class- java.lang.String  Message  -9398 E PALM TREE DR,ste 45765,Kirti,,AZ- time- 2014/08/09 20:37:02
In Class- java.lang.String  Message  -9398 E PALM TREE DR,ste 45765,Kirti,,AZ- time- 2014/08/09 20:37:02
In Class- java.lang.String  Message  -9398 E PALM TREE DR,ste 45765,Kirti,,AZ- time- 2014/08/09 20:37:02
In Class- java.lang.String  Message  -9398 E PALM TREE DR,ste 45765,Kirti,,AZ- time- 2014/08/09 20:37:02
In Class- java.lang.String  Message  -9398 E PALM TREE DR,,Kirti,,AZ- time- 2014/08/09 20:37:17
In Class- java.lang.String  Message  -9398 E PALM TREE DR,,Kirti,,AZ- time- 2014/08/09 20:37:17
In Class- java.lang.String  Message  -9398 E PALM TREE DR,,Kirti,,AZ- time- 2014/08/09 20:37:17
In Class- java.lang.String  Message  -9398 E PALM TREE DR,,Kirti,,AZ- time- 2014/08/09 20:37:17
In Class- java.lang.String  Message  -9398 E PALM TREE DR,,Kirti,,AZ- time- 2014/08/09 20:37:17
In Class- java.lang.String  Message  -9398 E PALM TREE DR,,Kirti,,AZ- time- 2014/08/09 20:37:17
In Class- java.lang.String  Message  -9398 E PALM TREE DR,,Kirti,,AZ- time- 2014/08/09 20:37:17
In Class- java.lang.String  Message  -9398 E PALM TREE DR,,Kirti,,AZ- time- 2014/08/09 20:37:17
In Class- java.lang.String  Message  -9398 E PALM TREE DR,,Kirti,,AZ- time- 2014/08/09 20:37:17
In Class- java.lang.String  Message  -9398 E PALM TREE DR,,Kirti,,AZ- time- 2014/08/09 20:37:17
In Class- java.lang.String  Message  -******************************,,Kirti,85255,AZ- time- 2014/08/09 20:37:40
In Class- java.lang.String  Message  -******************************,,Kirti,85255,AZ- time- 2014/08/09 20:37:41
In Class- java.lang.String  Message  -******************************,,Kirti,85255,AZ- time- 2014/08/09 20:37:41
In Class- java.lang.String  Message  -******************************,,Kirti,85255,AZ- time- 2014/08/09 20:37:41
In Class- java.lang.String  Message  -******************************,,Kirti,85255,AZ- time- 2014/08/09 20:37:41
In Class- java.lang.String  Message  -******************************,,Kirti,85255,AZ- time- 2014/08/09 20:37:41
In Class- java.lang.String  Message  -******************************,,Kirti,85255,AZ- time- 2014/08/09 20:37:41
In Class- java.lang.String  Message  -******************************,,Kirti,85255,AZ- time- 2014/08/09 20:37:41
In Class- java.lang.String  Message  -******************************,,Kirti,85255,AZ- time- 2014/08/09 20:37:41
In Class- java.lang.String  Message  -******************************,,Kirti,85255,AZ- time- 2014/08/09 20:37:41
In Class- java.lang.String  Message  -******************************,,arizona,85255,AZ- time- 2014/08/09 20:37:49
In Class- java.lang.String  Message  -******************************,,arizona,85255,AZ- time- 2014/08/09 20:37:49
In Class- java.lang.String  Message  -******************************,,arizona,85255,AZ- time- 2014/08/09 20:37:49
In Class- java.lang.String  Message  -******************************,,arizona,85255,AZ- time- 2014/08/09 20:37:49
In Class- java.lang.String  Message  -******************************,,arizona,85255,AZ- time- 2014/08/09 20:37:49
In Class- java.lang.String  Message  -******************************,,arizona,85255,AZ- time- 2014/08/09 20:37:49
In Class- java.lang.String  Message  -******************************,,arizona,85255,AZ- time- 2014/08/09 20:37:49
In Class- java.lang.String  Message  -******************************,,arizona,85255,AZ- time- 2014/08/09 20:37:49
In Class- java.lang.String  Message  -******************************,,arizona,85255,AZ- time- 2014/08/09 20:37:49
In Class- java.lang.String  Message  -******************************,,arizona,85255,AZ- time- 2014/08/09 20:37:49
In Class- java.lang.String  Message  -******************************,,arizona,85255,AZ- time- 2014/08/09 20:37:53
In Class- java.lang.String  Message  -******************************,,arizona,85255,AZ- time- 2014/08/09 20:37:53
In Class- java.lang.String  Message  -******************************,,arizona,85255,AZ- time- 2014/08/09 20:37:53
In Class- java.lang.String  Message  -******************************,,arizona,85255,AZ- time- 2014/08/09 20:37:53
In Class- java.lang.String  Message  -******************************,,arizona,85255,AZ- time- 2014/08/09 20:37:53
In Class- java.lang.String  Message  -******************************,,arizona,85255,AZ- time- 2014/08/09 20:37:53
In Class- java.lang.String  Message  -******************************,,arizona,85255,AZ- time- 2014/08/09 20:37:53
In Class- java.lang.String  Message  -******************************,,arizona,85255,AZ- time- 2014/08/09 20:37:53
In Class- java.lang.String  Message  -******************************,,arizona,85255,AZ- time- 2014/08/09 20:37:53
In Class- java.lang.String  Message  -******************************,,arizona,85255,AZ- time- 2014/08/09 20:37:53
In Class- java.lang.String  Message  -******************************,,arizona,85255,AZ- time- 2014/08/09 20:37:54
In Class- java.lang.String  Message  -******************************,,arizona,85255,AZ- time- 2014/08/09 20:37:54
In Class- java.lang.String  Message  -******************************,,arizona,85255,AZ- time- 2014/08/09 20:37:54
In Class- java.lang.String  Message  -******************************,,arizona,85255,AZ- time- 2014/08/09 20:37:54
In Class- java.lang.String  Message  -******************************,,arizona,85255,AZ- time- 2014/08/09 20:37:54
In Class- java.lang.String  Message  -******************************,,arizona,85255,AZ- time- 2014/08/09 20:37:54
In Class- java.lang.String  Message  -******************************,,arizona,85255,AZ- time- 2014/08/09 20:37:54
In Class- java.lang.String  Message  -******************************,,arizona,85255,AZ- time- 2014/08/09 20:37:54
In Class- java.lang.String  Message  -******************************,,arizona,85255,AZ- time- 2014/08/09 20:37:54
In Class- java.lang.String  Message  -******************************,,arizona,85255,AZ- time- 2014/08/09 20:37:54
In Class- java.lang.String  Message  -9398 E PALM TREE DR,,scodel,85255,AZ- time- 2014/08/09 20:38:29
In Class- java.lang.String  Message  -9398 E PALM TREE DR,,scodel,85255,AZ- time- 2014/08/09 20:38:29
In Class- java.lang.String  Message  -9398 E PALM TREE DR,,scodel,85255,AZ- time- 2014/08/09 20:38:29
In Class- java.lang.String  Message  -9398 E PALM TREE DR,,scottsdale,85255,AZ- time- 2014/08/09 20:38:35
In Class- java.lang.String  Message  -9398 E PALM TREE DR,,scottsdale,85255,AZ- time- 2014/08/09 20:38:35
In Class- java.lang.String  Message  -9398 E PALM TREE DR,,scottsdale,85255,AZ- time- 2014/08/09 20:38:35
In Class- java.lang.String  Message  -9398 E********** PALM TREE DR,,scottsdale,85255,AZ- time- 2014/08/09 20:38:43
In Class- java.lang.String  Message  -9398 E********** PALM TREE DR,,scottsdale,85255,AZ- time- 2014/08/09 20:38:43
In Class- java.lang.String  Message  -9398 E********** PALM TREE DR,,scottsdale,85255,AZ- time- 2014/08/09 20:38:43
In Class- java.lang.String  Message  -9398 E********** PALM TREE DR,,scottsdale,85255,AZ- time- 2014/08/09 20:38:44
In Class- java.lang.String  Message  -9398 E********** PALM TREE DR,,scottsdale,85255,AZ- time- 2014/08/09 20:38:44
In Class- java.lang.String  Message  -9398 E********** PALM TREE DR,,scottsdale,85255,AZ- time- 2014/08/09 20:38:44
In Class- java.lang.String  Message  -^%^%^%^%^%^%,,scottsdale,85255,AZ- time- 2014/08/09 20:38:58
In Class- java.lang.String  Message  -^%^%^%^%^%^%,,scottsdale,85255,AZ- time- 2014/08/09 20:38:58
In Class- java.lang.String  Message  -^%^%^%^%^%^%,,scottsdale,85255,AZ- time- 2014/08/09 20:38:58
In Class- java.lang.String  Message  -^%^%^%^%^%^%,,scottsdale,85255,AZ- time- 2014/08/09 20:38:58
In Class- java.lang.String  Message  -^%^%^%^%^%^%,,scottsdale,85255,AZ- time- 2014/08/09 20:38:58
In Class- java.lang.String  Message  -^%^%^%^%^%^%,,scottsdale,85255,AZ- time- 2014/08/09 20:38:58
In Class- java.lang.String  Message  -^%^%^%^%^%^%,,scottsdale,85255,AZ- time- 2014/08/09 20:38:58
In Class- java.lang.String  Message  -^%^%^%^%^%^%,,scottsdale,85255,AZ- time- 2014/08/09 20:38:58
In Class- java.lang.String  Message  -^%^%^%^%^%^%,,scottsdale,85255,AZ- time- 2014/08/09 20:38:58
In Class- java.lang.String  Message  -^%^%^%^%^%^%,,scottsdale,85255,AZ- time- 2014/08/09 20:38:58
In Class- java.lang.String  Message  -,,scottsdale,85255,AZ- time- 2014/08/09 20:39:47
In Class- java.lang.String  Message  -,,scottsdale,85255,AZ- time- 2014/08/09 20:39:47
In Class- java.lang.String  Message  -,,scottsdale,85255,AZ- time- 2014/08/09 20:39:47
In Class- java.lang.String  Message  -,,scottsdale,85255,AZ- time- 2014/08/09 20:39:47
In Class- java.lang.String  Message  -,,scottsdale,85255,AZ- time- 2014/08/09 20:39:47
In Class- java.lang.String  Message  -,,scottsdale,85255,AZ- time- 2014/08/09 20:39:47
In Class- java.lang.String  Message  -,,scottsdale,85255,AZ- time- 2014/08/09 20:39:47
In Class- java.lang.String  Message  -,,scottsdale,85255,AZ- time- 2014/08/09 20:39:47
In Class- java.lang.String  Message  -,,scottsdale,85255,AZ- time- 2014/08/09 20:39:47
In Class- java.lang.String  Message  -,,scottsdale,85255,AZ- time- 2014/08/09 20:39:47
In Class- java.lang.String  Message  -,,scottsdale,85255,AZ- time- 2014/08/09 20:39:49
In Class- java.lang.String  Message  -,,scottsdale,85255,AZ- time- 2014/08/09 20:39:49
In Class- java.lang.String  Message  -,,scottsdale,85255,AZ- time- 2014/08/09 20:39:49
In Class- java.lang.String  Message  -,,scottsdale,85255,AZ- time- 2014/08/09 20:39:49
In Class- java.lang.String  Message  -,,scottsdale,85255,AZ- time- 2014/08/09 20:39:49
In Class- java.lang.String  Message  -,,scottsdale,85255,AZ- time- 2014/08/09 20:39:49
In Class- java.lang.String  Message  -,,scottsdale,85255,AZ- time- 2014/08/09 20:39:49
In Class- java.lang.String  Message  -,,scottsdale,85255,AZ- time- 2014/08/09 20:39:49
In Class- java.lang.String  Message  -,,scottsdale,85255,AZ- time- 2014/08/09 20:39:49
In Class- java.lang.String  Message  -,,scottsdale,85255,AZ- time- 2014/08/09 20:39:49
In Class- java.lang.String  Message  -,,scottsdale,85255,AZ- time- 2014/08/09 20:39:54
In Class- java.lang.String  Message  -,,scottsdale,85255,AZ- time- 2014/08/09 20:39:54
In Class- java.lang.String  Message  -,,scottsdale,85255,AZ- time- 2014/08/09 20:39:54
In Class- java.lang.String  Message  -,,scottsdale,85255,AZ- time- 2014/08/09 20:39:54
In Class- java.lang.String  Message  -,,scottsdale,85255,AZ- time- 2014/08/09 20:39:54
In Class- java.lang.String  Message  -,,scottsdale,85255,AZ- time- 2014/08/09 20:39:54
In Class- java.lang.String  Message  -,,scottsdale,85255,AZ- time- 2014/08/09 20:39:54
In Class- java.lang.String  Message  -,,scottsdale,85255,AZ- time- 2014/08/09 20:39:54
In Class- java.lang.String  Message  -,,scottsdale,85255,AZ- time- 2014/08/09 20:39:54
In Class- java.lang.String  Message  -,,scottsdale,85255,AZ- time- 2014/08/09 20:39:54
In Class- java.lang.String  Message  -18334 W. Purdue Ave.,   ,Waddell,85355,AZ- time- 2014/08/09 20:39:57
In Class- java.lang.String  Message  -18334 W. Purdue Ave.,   ,Waddell,85355,AZ- time- 2014/08/09 20:39:57
In Class- java.lang.String  Message  -18334 W. Purdue Ave.,   ,Waddell,85355,AZ- time- 2014/08/09 20:39:57
In Class- java.lang.String  Message  -,   ,Waddell,85355,AZ- time- 2014/08/09 20:40:11
In Class- java.lang.String  Message  -,   ,Waddell,85355,AZ- time- 2014/08/09 20:40:11
In Class- java.lang.String  Message  -,   ,Waddell,85355,AZ- time- 2014/08/09 20:40:11
In Class- java.lang.String  Message  -,   ,Waddell,85355,AZ- time- 2014/08/09 20:40:11
