In Class- java.lang.String  Message  -43rd Ave.,   ,Laveen,85339,AZ- time- 2014/08/16 12:14:47
In Class- java.lang.String  Message  -43rd Ave.,   ,Laveen,85339,AZ- time- 2014/08/16 12:14:48
In Class- java.lang.String  Message  -43rd Ave.,   ,Laveen,85339,AZ- time- 2014/08/16 12:14:48
In Class- java.lang.String  Message  -34990 N Open Range Dr.,   ,San Tan Valley,85142,AZ- time- 2014/08/16 12:14:48
In Class- java.lang.String  Message  -34990 N Open Range Dr.,   ,San Tan Valley,85142,AZ- time- 2014/08/16 12:14:48
In Class- java.lang.String  Message  -34990 N Open Range Dr.,   ,San Tan Valley,85142,AZ- time- 2014/08/16 12:14:48
In Class- java.lang.String  Message  -7130 W. Winslow Ave.,   ,Phoenix,85043,AZ- time- 2014/08/16 12:14:48
In Class- java.lang.String  Message  -7130 W. Winslow Ave.,   ,Phoenix,85043,AZ- time- 2014/08/16 12:14:48
In Class- java.lang.String  Message  -7130 W. Winslow Ave.,   ,Phoenix,85043,AZ- time- 2014/08/16 12:14:48
In Class- java.lang.String  Message  -15659 N. 183rd Ave,   ,Surprise,85388,AZ- time- 2014/08/16 12:14:48
In Class- java.lang.String  Message  -15659 N. 183rd Ave,   ,Surprise,85388,AZ- time- 2014/08/16 12:14:48
In Class- java.lang.String  Message  -15659 N. 183rd Ave,   ,Surprise,85388,AZ- time- 2014/08/16 12:14:49
In Class- java.lang.String  Message  -16328 W. Lincoln St,   ,Goodyear,85338,AZ- time- 2014/08/16 12:14:49
In Class- java.lang.String  Message  -16328 W. Lincoln St,   ,Goodyear,85338,AZ- time- 2014/08/16 12:14:49
In Class- java.lang.String  Message  -16328 W. Lincoln St,   ,Goodyear,85338,AZ- time- 2014/08/16 12:14:49
In Class- java.lang.String  Message  -8011 S. 23rd Drive,   ,Phoenix,85042,AZ- time- 2014/08/16 12:14:49
In Class- java.lang.String  Message  -8011 S. 23rd Drive,   ,Phoenix,85042,AZ- time- 2014/08/16 12:14:49
In Class- java.lang.String  Message  -8011 S. 23rd Drive,   ,Phoenix,85042,AZ- time- 2014/08/16 12:14:49
In Class- java.lang.String  Message  -8011 S. 23rd Drive,   ,Phoenix,85041,AZ- time- 2014/08/16 12:14:49
In Class- java.lang.String  Message  -8011 S. 23rd Drive,   ,Phoenix,85041,AZ- time- 2014/08/16 12:14:49
In Class- java.lang.String  Message  -8011 S. 23rd Drive,   ,Phoenix,85041,AZ- time- 2014/08/16 12:14:49
In Class- java.lang.String  Message  -7561 W. Berridge,   ,Glendale,85303,AZ- time- 2014/08/16 12:14:49
In Class- java.lang.String  Message  -7561 W. Berridge,   ,Glendale,85303,AZ- time- 2014/08/16 12:14:49
In Class- java.lang.String  Message  -7561 W. Berridge,   ,Glendale,85303,AZ- time- 2014/08/16 12:14:49
In Class- java.lang.String  Message  -1846 S. 162nd Lane.,   ,Goodyear,85338,AZ- time- 2014/08/16 12:14:49
In Class- java.lang.String  Message  -1846 S. 162nd Lane.,   ,Goodyear,85338,AZ- time- 2014/08/16 12:14:49
In Class- java.lang.String  Message  -1846 S. 162nd Lane.,   ,Goodyear,85338,AZ- time- 2014/08/16 12:14:49
In Class- java.lang.String  Message  -12428 E Corte Manta,   ,Vail,85641,AZ- time- 2014/08/16 12:14:50
In Class- java.lang.String  Message  -12428 E Corte Manta,   ,Vail,85641,AZ- time- 2014/08/16 12:14:50
In Class- java.lang.String  Message  -12428 E Corte Manta,   ,Vail,85641,AZ- time- 2014/08/16 12:14:50
In Class- java.lang.String  Message  -12428 E Corte Manta,   ,Vail,85641,AZ- time- 2014/08/16 12:14:50
In Class- java.lang.String  Message  -6739 S Drift Boat Dr,   ,Tucson,85757,AZ- time- 2014/08/16 12:14:50
In Class- java.lang.String  Message  -6739 S Drift Boat Dr,   ,Tucson,85757,AZ- time- 2014/08/16 12:14:50
In Class- java.lang.String  Message  -6739 S Drift Boat Dr,   ,Tucson,85757,AZ- time- 2014/08/16 12:14:50
In Class- java.lang.String  Message  -Trekell Cottonwood,   ,Casa Grande,85122,AZ- time- 2014/08/16 12:14:50
In Class- java.lang.String  Message  -Trekell Cottonwood,   ,Casa Grande,85122,AZ- time- 2014/08/16 12:14:50
In Class- java.lang.String  Message  -Trekell Cottonwood,   ,Casa Grande,85122,AZ- time- 2014/08/16 12:14:50
In Class- java.lang.String  Message  -Kortsen Rd & Thornton Rd,   ,Casa Grande,85122,AZ- time- 2014/08/16 12:14:51
In Class- java.lang.String  Message  -Kortsen Rd & Thornton Rd,   ,Casa Grande,85122,AZ- time- 2014/08/16 12:14:51
In Class- java.lang.String  Message  -Kortsen Rd & Thornton Rd,   ,Casa Grande,85122,AZ- time- 2014/08/16 12:14:51
In Class- java.lang.String  Message  -Cave Creek Lone Mountain,   ,Cave Creek,85331,AZ- time- 2014/08/16 12:14:51
In Class- java.lang.String  Message  -Cave Creek Lone Mountain,   ,Cave Creek,85331,AZ- time- 2014/08/16 12:14:51
In Class- java.lang.String  Message  -Cave Creek Lone Mountain,   ,Cave Creek,85331,AZ- time- 2014/08/16 12:14:51
In Class- java.lang.String  Message  -774 W Calle Las Tunas,   ,Sahuarita,85629,AZ- time- 2014/08/16 12:14:51
In Class- java.lang.String  Message  -774 W Calle Las Tunas,   ,Sahuarita,85629,AZ- time- 2014/08/16 12:14:51
In Class- java.lang.String  Message  -774 W Calle Las Tunas,   ,Sahuarita,85629,AZ- time- 2014/08/16 12:14:51
In Class- java.lang.String  Message  -87th Lane And Lower Buckeye,   ,Tolleson,85353,AZ- time- 2014/08/16 12:14:51
In Class- java.lang.String  Message  -87th Lane And Lower Buckeye,   ,Tolleson,85353,AZ- time- 2014/08/16 12:14:51
In Class- java.lang.String  Message  -87th Lane And Lower Buckeye,   ,Tolleson,85353,AZ- time- 2014/08/16 12:14:51
In Class- java.lang.String  Message  -87th Lane Lower Buckeye,   ,Tolleson,85353,AZ- time- 2014/08/16 12:14:51
In Class- java.lang.String  Message  -87th Lane Lower Buckeye,   ,Tolleson,85353,AZ- time- 2014/08/16 12:14:51
In Class- java.lang.String  Message  -87th Lane Lower Buckeye,   ,Tolleson,85353,AZ- time- 2014/08/16 12:14:51
In Class- java.lang.String  Message  -5801 E Oasis Blvd,   ,Florence,85242,AZ- time- 2014/08/16 12:14:51
In Class- java.lang.String  Message  -5801 E Oasis Blvd,   ,Florence,85242,AZ- time- 2014/08/16 12:14:52
In Class- java.lang.String  Message  -5801 E Oasis Blvd,   ,Florence,85242,AZ- time- 2014/08/16 12:14:52
In Class- java.lang.String  Message  -Arizona Farms Rd. Hunt Hwy.,   ,Florence,85242,AZ- time- 2014/08/16 12:14:52
In Class- java.lang.String  Message  -Arizona Farms Rd. Hunt Hwy.,   ,Florence,85242,AZ- time- 2014/08/16 12:14:52
In Class- java.lang.String  Message  -Arizona Farms Rd. Hunt Hwy.,   ,Florence,85242,AZ- time- 2014/08/16 12:14:52
In Class- java.lang.String  Message  -17784 W Voltaire Streetwest Of 303 Cotton Lane On Waddell At 178th Avenue,   ,Surprise,85388,AZ- time- 2014/08/16 12:14:52
In Class- java.lang.String  Message  -17784 W Voltaire Streetwest Of 303 Cotton Lane On Waddell At 178th Avenue,   ,Surprise,85388,AZ- time- 2014/08/16 12:14:52
In Class- java.lang.String  Message  -17784 W Voltaire Streetwest Of 303 Cotton Lane On Waddell At 178th Avenue,   ,Surprise,85388,AZ- time- 2014/08/16 12:14:52
In Class- java.lang.String  Message  -67th Ave South Of Happy Valley,   ,Glendale,85310,AZ- time- 2014/08/16 12:14:52
In Class- java.lang.String  Message  -67th Ave South Of Happy Valley,   ,Glendale,85310,AZ- time- 2014/08/16 12:14:52
In Class- java.lang.String  Message  -67th Ave South Of Happy Valley,   ,Glendale,85310,AZ- time- 2014/08/16 12:14:52
In Class- java.lang.String  Message  -9949 N Crook Ln,   ,Marana,85742,AZ- time- 2014/08/16 12:14:52
In Class- java.lang.String  Message  -9949 N Crook Ln,   ,Marana,85742,AZ- time- 2014/08/16 12:14:52
In Class- java.lang.String  Message  -9949 N Crook Ln,   ,Marana,85742,AZ- time- 2014/08/16 12:14:52
In Class- java.lang.String  Message  -Signal Butte Rittenhouse,   ,Queen Creek,85142,AZ- time- 2014/08/16 12:14:52
In Class- java.lang.String  Message  -Signal Butte Rittenhouse,   ,Queen Creek,85142,AZ- time- 2014/08/16 12:14:52
In Class- java.lang.String  Message  -Signal Butte Rittenhouse,   ,Queen Creek,85142,AZ- time- 2014/08/16 12:14:52
In Class- java.lang.String  Message  -Broadway Miller Rd (east Of Miller ),   ,Buckeye,85326,AZ- time- 2014/08/16 12:14:52
In Class- java.lang.String  Message  -Broadway Miller Rd (east Of Miller ),   ,Buckeye,85326,AZ- time- 2014/08/16 12:14:52
In Class- java.lang.String  Message  -Broadway Miller Rd (east Of Miller ),   ,Buckeye,85326,AZ- time- 2014/08/16 12:14:52
In Class- java.lang.String  Message  -21577 W. Durango Street,   ,Buckeye,85326,AZ- time- 2014/08/16 12:14:52
In Class- java.lang.String  Message  -21577 W. Durango Street,   ,Buckeye,85326,AZ- time- 2014/08/16 12:14:52
In Class- java.lang.String  Message  -21577 W. Durango Street,   ,Buckeye,85326,AZ- time- 2014/08/16 12:14:52
In Class- java.lang.String  Message  -8843 W Saguaro Moon Rd,   ,Marana,85743,AZ- time- 2014/08/16 12:14:53
In Class- java.lang.String  Message  -8843 W Saguaro Moon Rd,   ,Marana,85743,AZ- time- 2014/08/16 12:14:53
In Class- java.lang.String  Message  -8843 W Saguaro Moon Rd,   ,Marana,85743,AZ- time- 2014/08/16 12:14:53
In Class- java.lang.String  Message  -8843 W Saguaro Moon Rd,   ,Marana,85743,AZ- time- 2014/08/16 12:14:53
In Class- java.lang.String  Message  -8659 W Cadwell Way,   ,Marana,85743,AZ- time- 2014/08/16 12:14:53
In Class- java.lang.String  Message  -8659 W Cadwell Way,   ,Marana,85743,AZ- time- 2014/08/16 12:14:53
In Class- java.lang.String  Message  -8659 W Cadwell Way,   ,Marana,85743,AZ- time- 2014/08/16 12:14:53
In Class- java.lang.String  Message  -8659 W Cadwell Way,   ,Marana,85743,AZ- time- 2014/08/16 12:14:53
In Class- java.lang.String  Message  -8659 W Cadwell Way,   ,Marana,85743,AZ- time- 2014/08/16 12:14:54
In Class- java.lang.String  Message  -9649 W Hebden Way,   ,Marana,85743,AZ- time- 2014/08/16 12:14:54
In Class- java.lang.String  Message  -9649 W Hebden Way,   ,Marana,85743,AZ- time- 2014/08/16 12:14:54
In Class- java.lang.String  Message  -9649 W Hebden Way,   ,Marana,85743,AZ- time- 2014/08/16 12:14:54
In Class- java.lang.String  Message  -9649 W Hebden Way,   ,Marana,85743,AZ- time- 2014/08/16 12:14:54
In Class- java.lang.String  Message  -9649 W Hebden Way,   ,Marana,85743,AZ- time- 2014/08/16 12:14:54
In Class- java.lang.String  Message  -9649 W Hebden Way,   ,Marana,85743,AZ- time- 2014/08/16 12:14:54
In Class- java.lang.String  Message  -9649 W Hebden Way,   ,Marana,85743,AZ- time- 2014/08/16 12:14:54
In Class- java.lang.String  Message  -9649 W Hebden Way,   ,Marana,85743,AZ- time- 2014/08/16 12:14:54
In Class- java.lang.String  Message  -9649 W Hebden Way,   ,Marana,85743,AZ- time- 2014/08/16 12:14:54
In Class- java.lang.String  Message  -9649 W Hebden Way,   ,Marana,85743,AZ- time- 2014/08/16 12:14:55
In Class- java.lang.String  Message  -18002 S Golden Valley Dr,   ,Sahuarita,85629,AZ- time- 2014/08/16 12:14:55
In Class- java.lang.String  Message  -18002 S Golden Valley Dr,   ,Sahuarita,85629,AZ- time- 2014/08/16 12:14:55
In Class- java.lang.String  Message  -18002 S Golden Valley Dr,   ,Sahuarita,85629,AZ- time- 2014/08/16 12:14:55
In Class- java.lang.String  Message  -2039 S 218th Avenue,   ,Buckeye,85326,AZ- time- 2014/08/16 12:14:55
In Class- java.lang.String  Message  -2039 S 218th Avenue,   ,Buckeye,85326,AZ- time- 2014/08/16 12:14:55
In Class- java.lang.String  Message  -2039 S 218th Avenue,   ,Buckeye,85326,AZ- time- 2014/08/16 12:14:55
In Class- java.lang.String  Message  -8294 W Canvasback Ln,   ,Tucson,85757,AZ- time- 2014/08/16 12:14:55
In Class- java.lang.String  Message  -8294 W Canvasback Ln,   ,Tucson,85757,AZ- time- 2014/08/16 12:14:55
In Class- java.lang.String  Message  -8294 W Canvasback Ln,   ,Tucson,85757,AZ- time- 2014/08/16 12:14:55
In Class- java.lang.String  Message  -8294 W Canvasback Ln,   ,Tucson,85757,AZ- time- 2014/08/16 12:14:55
In Class- java.lang.String  Message  -Watson Broadway,   ,Buckeye,85326,AZ- time- 2014/08/16 12:14:55
In Class- java.lang.String  Message  -Watson Broadway,   ,Buckeye,85326,AZ- time- 2014/08/16 12:14:55
In Class- java.lang.String  Message  -Watson Broadway,   ,Buckeye,85326,AZ- time- 2014/08/16 12:14:55
In Class- java.lang.String  Message  -Hartman Rd Bowlin Rd,   ,Maricopa,85138,AZ- time- 2014/08/16 12:14:55
In Class- java.lang.String  Message  -Hartman Rd Bowlin Rd,   ,Maricopa,85138,AZ- time- 2014/08/16 12:14:55
In Class- java.lang.String  Message  -Hartman Rd Bowlin Rd,   ,Maricopa,85138,AZ- time- 2014/08/16 12:14:55
In Class- java.lang.String  Message  -Kortsen Peart,   ,Casa Grande,85122,AZ- time- 2014/08/16 12:14:55
In Class- java.lang.String  Message  -Kortsen Peart,   ,Casa Grande,85122,AZ- time- 2014/08/16 12:14:55
In Class- java.lang.String  Message  -Kortsen Peart,   ,Casa Grande,85122,AZ- time- 2014/08/16 12:14:55
In Class- java.lang.String  Message  -6309 W Yew Pine Way,   ,Marana,85743,AZ- time- 2014/08/16 12:14:55
In Class- java.lang.String  Message  -6309 W Yew Pine Way,   ,Marana,85743,AZ- time- 2014/08/16 12:14:56
In Class- java.lang.String  Message  -6309 W Yew Pine Way,   ,Marana,85743,AZ- time- 2014/08/16 12:14:56
In Class- java.lang.String  Message  -6309 W Yew Pine Way,   ,Marana,85743,AZ- time- 2014/08/16 12:14:56
In Class- java.lang.String  Message  -6309 W Yew Pine Way,   ,Marana,85743,AZ- time- 2014/08/16 12:14:56
In Class- java.lang.String  Message  -6309 W Yew Pine Way,   ,Marana,85743,AZ- time- 2014/08/16 12:14:56
In Class- java.lang.String  Message  -6309 W Yew Pine Way,   ,Marana,85743,AZ- time- 2014/08/16 12:14:56
In Class- java.lang.String  Message  -6309 W Yew Pine Way,   ,Marana,85743,AZ- time- 2014/08/16 12:14:56
In Class- java.lang.String  Message  -6309 W Yew Pine Way,   ,Marana,85743,AZ- time- 2014/08/16 12:14:56
In Class- java.lang.String  Message  -6309 W Yew Pine Way,   ,Marana,85743,AZ- time- 2014/08/16 12:14:56
In Class- java.lang.String  Message  -6309 W Yew Pine Way,   ,Marana,85743,AZ- time- 2014/08/16 12:14:56
In Class- java.lang.String  Message  -6309 W Yew Pine Way,   ,Marana,85743,AZ- time- 2014/08/16 12:14:56
In Class- java.lang.String  Message  -6309 W Yew Pine Way,   ,Marana,85743,AZ- time- 2014/08/16 12:14:56
In Class- java.lang.String  Message  -6309 W Yew Pine Way,   ,Marana,85743,AZ- time- 2014/08/16 12:14:56
In Class- java.lang.String  Message  -6309 W Yew Pine Way,   ,Marana,85743,AZ- time- 2014/08/16 12:14:56
In Class- java.lang.String  Message  -6309 W Yew Pine Way,   ,Marana,85743,AZ- time- 2014/08/16 12:14:56
In Class- java.lang.String  Message  -6309 W Yew Pine Way,   ,Marana,85743,AZ- time- 2014/08/16 12:14:56
In Class- java.lang.String  Message  -6309 W Yew Pine Way,   ,Marana,85743,AZ- time- 2014/08/16 12:14:56
In Class- java.lang.String  Message  -6309 W Yew Pine Way,   ,Marana,85743,AZ- time- 2014/08/16 12:14:56
In Class- java.lang.String  Message  -6309 W Yew Pine Way,   ,Marana,85743,AZ- time- 2014/08/16 12:14:56
In Class- java.lang.String  Message  -Cave Creek And Pinnacle Peak Rd,   ,Phoenix,85024,AZ- time- 2014/08/16 12:14:56
In Class- java.lang.String  Message  -Cave Creek And Pinnacle Peak Rd,   ,Phoenix,85024,AZ- time- 2014/08/16 12:14:56
In Class- java.lang.String  Message  -Cave Creek And Pinnacle Peak Rd,   ,Phoenix,85024,AZ- time- 2014/08/16 12:14:57
In Class- java.lang.String  Message  -75th Ave 1/2 Mile South Of Bell Rd,   ,Peoria,85345,AZ- time- 2014/08/16 12:14:57
In Class- java.lang.String  Message  -75th Ave 1/2 Mile South Of Bell Rd,   ,Peoria,85345,AZ- time- 2014/08/16 12:14:57
In Class- java.lang.String  Message  -75th Ave 1/2 Mile South Of Bell Rd,   ,Peoria,85345,AZ- time- 2014/08/16 12:14:57
In Class- java.lang.String  Message  -75th Ave 1/2 Mile South Of Bell Rd,   ,Peoria,85345,AZ- time- 2014/08/16 12:14:57
In Class- java.lang.String  Message  -75th Ave 1/2 Mile South Of Bell Rd,   ,Peoria,85345,AZ- time- 2014/08/16 12:14:57
In Class- java.lang.String  Message  -75th Ave 1/2 Mile South Of Bell Rd,   ,Peoria,85345,AZ- time- 2014/08/16 12:14:57
In Class- java.lang.String  Message  -75th Ave 1/2 Mile South Of Bell Rd,   ,Peoria,85345,AZ- time- 2014/08/16 12:14:57
In Class- java.lang.String  Message  -75th Ave 1/2 Mile South Of Bell Rd,   ,Peoria,85345,AZ- time- 2014/08/16 12:14:57
In Class- java.lang.String  Message  -75th Ave 1/2 Mile South Of Bell Rd,   ,Peoria,85345,AZ- time- 2014/08/16 12:14:57
In Class- java.lang.String  Message  -75th Ave 1/2 Mile South Of Bell Rd,   ,Peoria,85345,AZ- time- 2014/08/16 12:14:58
In Class- java.lang.String  Message  -8659 W Cadwell Way,   ,Marana,85743,AZ- time- 2014/08/16 12:14:58
In Class- java.lang.String  Message  -8659 W Cadwell Way,   ,Marana,85743,AZ- time- 2014/08/16 12:14:58
In Class- java.lang.String  Message  -8659 W Cadwell Way,   ,Marana,85743,AZ- time- 2014/08/16 12:14:58
In Class- java.lang.String  Message  -8659 W Cadwell Way,   ,Marana,85743,AZ- time- 2014/08/16 12:14:58
In Class- java.lang.String  Message  -8659 W Cadwell Way,   ,Marana,85743,AZ- time- 2014/08/16 12:14:58
In Class- java.lang.String  Message  -86th Ave Van Buren,   ,Tolleson,85353,AZ- time- 2014/08/16 12:14:58
In Class- java.lang.String  Message  -86th Ave Van Buren,   ,Tolleson,85353,AZ- time- 2014/08/16 12:14:58
In Class- java.lang.String  Message  -86th Ave Van Buren,   ,Tolleson,85353,AZ- time- 2014/08/16 12:14:58
In Class- java.lang.String  Message  -740 W Rio Teras,   ,Green Valley,85614,AZ- time- 2014/08/16 12:14:58
In Class- java.lang.String  Message  -740 W Rio Teras,   ,Green Valley,85614,AZ- time- 2014/08/16 12:14:58
In Class- java.lang.String  Message  -740 W Rio Teras,   ,Green Valley,85614,AZ- time- 2014/08/16 12:14:58
In Class- java.lang.String  Message  -67th Ave Just South Of Happy Valley,   ,Glendale,85310,AZ- time- 2014/08/16 12:14:58
In Class- java.lang.String  Message  -67th Ave Just South Of Happy Valley,   ,Glendale,85310,AZ- time- 2014/08/16 12:14:58
In Class- java.lang.String  Message  -67th Ave Just South Of Happy Valley,   ,Glendale,85310,AZ- time- 2014/08/16 12:14:58
In Class- java.lang.String  Message  -67th Ave Just South Of Happy Valley,   ,Glendale,85310,AZ- time- 2014/08/16 12:14:58
In Class- java.lang.String  Message  -75th Avenue Mcdowell,   ,Phoenix,85035,AZ- time- 2014/08/16 12:14:58
In Class- java.lang.String  Message  -75th Avenue Mcdowell,   ,Phoenix,85035,AZ- time- 2014/08/16 12:14:58
In Class- java.lang.String  Message  -75th Avenue Mcdowell,   ,Phoenix,85035,AZ- time- 2014/08/16 12:14:58
In Class- java.lang.String  Message  -8375 N Willow View Dr,   ,Tucson,85741,AZ- time- 2014/08/16 12:14:58
In Class- java.lang.String  Message  -8375 N Willow View Dr,   ,Tucson,85741,AZ- time- 2014/08/16 12:14:58
In Class- java.lang.String  Message  -8375 N Willow View Dr,   ,Tucson,85741,AZ- time- 2014/08/16 12:14:58
In Class- java.lang.String  Message  -2793 S. Arroyo Lane,   ,Gilbert,85295,AZ- time- 2014/08/16 12:14:58
In Class- java.lang.String  Message  -2793 S. Arroyo Lane,   ,Gilbert,85295,AZ- time- 2014/08/16 12:14:58
In Class- java.lang.String  Message  -2793 S. Arroyo Lane,   ,Gilbert,85295,AZ- time- 2014/08/16 12:14:58
In Class- java.lang.String  Message  -40831 W. Portis Drive,   ,Maricopa,85138,AZ- time- 2014/08/16 12:14:58
In Class- java.lang.String  Message  -40831 W. Portis Drive,   ,Maricopa,85138,AZ- time- 2014/08/16 12:14:58
In Class- java.lang.String  Message  -40831 W. Portis Drive,   ,Maricopa,85138,AZ- time- 2014/08/16 12:14:58
In Class- java.lang.String  Message  -25630 N. 121st Lane,   ,Peoria,85383,AZ- time- 2014/08/16 12:14:58
In Class- java.lang.String  Message  -25630 N. 121st Lane,   ,Peoria,85383,AZ- time- 2014/08/16 12:14:58
In Class- java.lang.String  Message  -25630 N. 121st Lane,   ,Peoria,85383,AZ- time- 2014/08/16 12:14:58
In Class- java.lang.String  Message  -2793 S. Arroyo Lane,   ,Gilbert,85295,AZ- time- 2014/08/16 12:14:58
In Class- java.lang.String  Message  -2793 S. Arroyo Lane,   ,Gilbert,85295,AZ- time- 2014/08/16 12:14:58
In Class- java.lang.String  Message  -2793 S. Arroyo Lane,   ,Gilbert,85295,AZ- time- 2014/08/16 12:14:58
In Class- java.lang.String  Message  -40246 West Molly Lane,   ,Maricopa,85138,AZ- time- 2014/08/16 12:14:58
In Class- java.lang.String  Message  -40246 West Molly Lane,   ,Maricopa,85138,AZ- time- 2014/08/16 12:14:59
In Class- java.lang.String  Message  -40246 West Molly Lane,   ,Maricopa,85138,AZ- time- 2014/08/16 12:14:59
In Class- java.lang.String  Message  -5650 E. Ansel Ave,   ,Mesa,85206,AZ- time- 2014/08/16 12:14:59
In Class- java.lang.String  Message  -5650 E. Ansel Ave,   ,Mesa,85206,AZ- time- 2014/08/16 12:14:59
In Class- java.lang.String  Message  -5650 E. Ansel Ave,   ,Mesa,85206,AZ- time- 2014/08/16 12:14:59
In Class- java.lang.String  Message  -3984 W. Federal Way,   ,San Tan Valley,85142,AZ- time- 2014/08/16 12:14:59
In Class- java.lang.String  Message  -3984 W. Federal Way,   ,San Tan Valley,85142,AZ- time- 2014/08/16 12:14:59
In Class- java.lang.String  Message  -3984 W. Federal Way,   ,San Tan Valley,85142,AZ- time- 2014/08/16 12:14:59
In Class- java.lang.String  Message  -2613 S. 172nd Lane,   ,Goodyear,85338,AZ- time- 2014/08/16 12:14:59
In Class- java.lang.String  Message  -2613 S. 172nd Lane,   ,Goodyear,85338,AZ- time- 2014/08/16 12:14:59
In Class- java.lang.String  Message  -2613 S. 172nd Lane,   ,Goodyear,85338,AZ- time- 2014/08/16 12:14:59
In Class- java.lang.String  Message  -7538 W. St. Kateri Dr.,   ,Laveen,85339,AZ- time- 2014/08/16 12:14:59
In Class- java.lang.String  Message  -7538 W. St. Kateri Dr.,   ,Laveen,85339,AZ- time- 2014/08/16 12:14:59
In Class- java.lang.String  Message  -7538 W. St. Kateri Dr.,   ,Laveen,85339,AZ- time- 2014/08/16 12:14:59
In Class- java.lang.String  Message  -7538 W. St. Kateri Dr.,   ,Laveen,85339,AZ- time- 2014/08/16 12:14:59
In Class- java.lang.String  Message  -7538 W. St. Kateri Dr.,   ,Laveen,85339,AZ- time- 2014/08/16 12:14:59
In Class- java.lang.String  Message  -7538 W. St. Kateri Dr.,   ,Laveen,85339,AZ- time- 2014/08/16 12:14:59
In Class- java.lang.String  Message  -40831 W. Portis Drive,   ,Maricopa,85138,AZ- time- 2014/08/16 12:14:59
In Class- java.lang.String  Message  -40831 W. Portis Drive,   ,Maricopa,85138,AZ- time- 2014/08/16 12:14:59
In Class- java.lang.String  Message  -40831 W. Portis Drive,   ,Maricopa,85138,AZ- time- 2014/08/16 12:14:59
In Class- java.lang.String  Message  -4807 E. Chickweed Drive,   ,Tucson,86756,AZ- time- 2014/08/16 12:14:59
In Class- java.lang.String  Message  -4807 E. Chickweed Drive,   ,Tucson,86756,AZ- time- 2014/08/16 12:14:59
In Class- java.lang.String  Message  -4807 E. Chickweed Drive,   ,Tucson,86756,AZ- time- 2014/08/16 12:14:59
In Class- java.lang.String  Message  -Tangerine Rd And Gladden Farms,   ,Marana,85653,AZ- time- 2014/08/16 12:14:59
In Class- java.lang.String  Message  -Tangerine Rd And Gladden Farms,   ,Marana,85653,AZ- time- 2014/08/16 12:14:59
In Class- java.lang.String  Message  -Tangerine Rd And Gladden Farms,   ,Marana,85653,AZ- time- 2014/08/16 12:14:59
In Class- java.lang.String  Message  -Tangerine Rd And Gladden Farms,   ,Marana,85653,AZ- time- 2014/08/16 12:14:59
In Class- java.lang.String  Message  -743 S Harry P. Stagg Drive,   ,Vail,85641,AZ- time- 2014/08/16 12:14:59
In Class- java.lang.String  Message  -743 S Harry P. Stagg Drive,   ,Vail,85641,AZ- time- 2014/08/16 12:14:59
In Class- java.lang.String  Message  -743 S Harry P. Stagg Drive,   ,Vail,85641,AZ- time- 2014/08/16 12:15:00
In Class- java.lang.String  Message  -743 S Harry P. Stagg Drive,   ,Vail,85641,AZ- time- 2014/08/16 12:15:00
In Class- java.lang.String  Message  -10618 East Hawk Avenue,   ,Mesa,85212,AZ- time- 2014/08/16 12:15:00
In Class- java.lang.String  Message  -10618 East Hawk Avenue,   ,Mesa,85212,AZ- time- 2014/08/16 12:15:00
In Class- java.lang.String  Message  -10618 East Hawk Avenue,   ,Mesa,85212,AZ- time- 2014/08/16 12:15:00
In Class- java.lang.String  Message  -31771 North 132nd Avenue,   ,Peoria,85383,AZ- time- 2014/08/16 12:15:00
In Class- java.lang.String  Message  -31771 North 132nd Avenue,   ,Peoria,85383,AZ- time- 2014/08/16 12:15:00
